2024-04-08 12:24:36             SUCCESS             MOFSLOPENAPI.py             Initilize Constructor
2024-04-08 12:24:36             SUCCESS             MOFSLOPENAPI.py             GetManufacturerHP
2024-04-08 12:24:37             SUCCESS             MOFSLOPENAPI.py             Initilize Constructor Done
2024-04-08 12:24:37             SUCCESS             MOFSLOPENAPI.py             Initilize login request send
2024-04-08 12:24:37             SUCCESS             MOFSLOPENAPI.py             Initilize Post WebRequest Sent
2024-04-08 12:24:37             SUCCESS             MOFSLOPENAPI.py             Post WebRequest Send Successfully
2024-04-08 12:24:37             SUCCESS             MOFSLOPENAPI.py             Login sucessfully
2024-04-08 12:25:03             SUCCESS             MOFSLOPENAPI.py             Initilaize GetLtp request send
2024-04-08 12:25:03             SUCCESS             MOFSLOPENAPI.py             Initilize Post WebRequest Sent
2024-04-08 12:25:04             SUCCESS             MOFSLOPENAPI.py             Post WebRequest Send Successfully
2024-04-08 12:25:04             SUCCESS             MOFSLOPENAPI.py             GetLtp request sent Successfully
2024-04-08 12:25:04             SUCCESS             MOFSLOPENAPI.py             Initilaize GetLtp request send
2024-04-08 12:25:04             SUCCESS             MOFSLOPENAPI.py             Initilize Post WebRequest Sent
2024-04-08 12:25:04             SUCCESS             MOFSLOPENAPI.py             Post WebRequest Send Successfully
2024-04-08 12:25:04             SUCCESS             MOFSLOPENAPI.py             GetLtp request sent Successfully
2024-04-08 12:25:04             SUCCESS             MOFSLOPENAPI.py             Initilaize PlaceOrder request send
2024-04-08 12:25:05             SUCCESS             MOFSLOPENAPI.py             Initilize Post WebRequest Sent
2024-04-08 12:25:05             SUCCESS             MOFSLOPENAPI.py             Post WebRequest Send Successfully
2024-04-08 12:25:05             SUCCESS             MOFSLOPENAPI.py             PlaceOrder request sent Successfully
2024-04-08 12:25:05             SUCCESS             MOFSLOPENAPI.py             Initilaize GetOrderDetailByUniqueorderID request send
2024-04-08 12:25:05             SUCCESS             MOFSLOPENAPI.py             Initilize Post WebRequest Sent
2024-04-08 12:25:05             SUCCESS             MOFSLOPENAPI.py             Post WebRequest Send Successfully
2024-04-08 12:25:05             SUCCESS             MOFSLOPENAPI.py             GetOrderDetailByUniqueorderID request sent Successfully
2024-04-08 12:25:11             SUCCESS             MOFSLOPENAPI.py             Initilaize GetOrderDetailByUniqueorderID request send
2024-04-08 12:25:11             SUCCESS             MOFSLOPENAPI.py             Initilize Post WebRequest Sent
2024-04-08 12:25:11             SUCCESS             MOFSLOPENAPI.py             Post WebRequest Send Successfully
2024-04-08 12:25:11             SUCCESS             MOFSLOPENAPI.py             GetOrderDetailByUniqueorderID request sent Successfully
2024-04-08 12:25:11             SUCCESS             MOFSLOPENAPI.py             Initilaize GetTradeBook request send
2024-04-08 12:25:11             SUCCESS             MOFSLOPENAPI.py             Initilize Post WebRequest Sent
2024-04-08 12:25:11             SUCCESS             MOFSLOPENAPI.py             Post WebRequest Send Successfully
2024-04-08 12:25:11             SUCCESS             MOFSLOPENAPI.py             GetTradeBook request sent Successfully
2024-04-08 12:26:24             SUCCESS             MOFSLOPENAPI.py             Initilize Constructor
2024-04-08 12:26:25             SUCCESS             MOFSLOPENAPI.py             GetManufacturerHP
2024-04-08 12:26:25             SUCCESS             MOFSLOPENAPI.py             Initilize Constructor Done
2024-04-08 12:26:25             SUCCESS             MOFSLOPENAPI.py             Initilize login request send
2024-04-08 12:26:25             SUCCESS             MOFSLOPENAPI.py             Initilize Post WebRequest Sent
2024-04-08 12:26:26             SUCCESS             MOFSLOPENAPI.py             Post WebRequest Send Successfully
2024-04-08 12:26:26             SUCCESS             MOFSLOPENAPI.py             Login sucessfully
2024-04-08 12:30:00             SUCCESS             MOFSLOPENAPI.py             Initilaize GetLtp request send
2024-04-08 12:30:00             SUCCESS             MOFSLOPENAPI.py             Initilize Post WebRequest Sent
2024-04-08 12:30:02             SUCCESS             MOFSLOPENAPI.py             Post WebRequest Send Successfully
2024-04-08 12:30:02             SUCCESS             MOFSLOPENAPI.py             GetLtp request sent Successfully
2024-04-08 12:30:02             SUCCESS             MOFSLOPENAPI.py             Initilaize GetLtp request send
2024-04-08 12:30:02             SUCCESS             MOFSLOPENAPI.py             Initilize Post WebRequest Sent
2024-04-08 12:30:02             SUCCESS             MOFSLOPENAPI.py             Post WebRequest Send Successfully
2024-04-08 12:30:02             SUCCESS             MOFSLOPENAPI.py             GetLtp request sent Successfully
2024-04-08 12:30:02             SUCCESS             MOFSLOPENAPI.py             Initilaize PlaceOrder request send
2024-04-08 12:30:02             SUCCESS             MOFSLOPENAPI.py             Initilize Post WebRequest Sent
2024-04-08 12:30:03             SUCCESS             MOFSLOPENAPI.py             Post WebRequest Send Successfully
2024-04-08 12:30:03             SUCCESS             MOFSLOPENAPI.py             PlaceOrder request sent Successfully
2024-04-08 12:30:03             SUCCESS             MOFSLOPENAPI.py             Initilaize GetOrderDetailByUniqueorderID request send
2024-04-08 12:30:03             SUCCESS             MOFSLOPENAPI.py             Initilize Post WebRequest Sent
2024-04-08 12:30:03             SUCCESS             MOFSLOPENAPI.py             Post WebRequest Send Successfully
2024-04-08 12:30:03             SUCCESS             MOFSLOPENAPI.py             GetOrderDetailByUniqueorderID request sent Successfully
2024-04-08 12:30:09             SUCCESS             MOFSLOPENAPI.py             Initilaize GetOrderDetailByUniqueorderID request send
2024-04-08 12:30:09             SUCCESS             MOFSLOPENAPI.py             Initilize Post WebRequest Sent
2024-04-08 12:30:09             SUCCESS             MOFSLOPENAPI.py             Post WebRequest Send Successfully
2024-04-08 12:30:09             SUCCESS             MOFSLOPENAPI.py             GetOrderDetailByUniqueorderID request sent Successfully
2024-04-08 12:30:09             SUCCESS             MOFSLOPENAPI.py             Initilaize GetTradeBook request send
2024-04-08 12:30:09             SUCCESS             MOFSLOPENAPI.py             Initilize Post WebRequest Sent
2024-04-08 12:30:09             SUCCESS             MOFSLOPENAPI.py             Post WebRequest Send Successfully
2024-04-08 12:30:09             SUCCESS             MOFSLOPENAPI.py             GetTradeBook request sent Successfully
2024-04-08 12:30:10             SUCCESS             MOFSLOPENAPI.py             Initilaize PlaceOrder request send
2024-04-08 12:30:10             SUCCESS             MOFSLOPENAPI.py             Initilize Post WebRequest Sent
2024-04-08 12:30:10             SUCCESS             MOFSLOPENAPI.py             Post WebRequest Send Successfully
2024-04-08 12:30:10             SUCCESS             MOFSLOPENAPI.py             PlaceOrder request sent Successfully
2024-04-08 12:30:10             SUCCESS             MOFSLOPENAPI.py             Initilaize GetOrderDetailByUniqueorderID request send
2024-04-08 12:30:10             SUCCESS             MOFSLOPENAPI.py             Initilize Post WebRequest Sent
2024-04-08 12:30:11             SUCCESS             MOFSLOPENAPI.py             Post WebRequest Send Successfully
2024-04-08 12:30:11             SUCCESS             MOFSLOPENAPI.py             GetOrderDetailByUniqueorderID request sent Successfully
2024-04-08 12:30:16             SUCCESS             MOFSLOPENAPI.py             Initilaize GetOrderDetailByUniqueorderID request send
2024-04-08 12:30:16             SUCCESS             MOFSLOPENAPI.py             Initilize Post WebRequest Sent
2024-04-08 12:30:16             SUCCESS             MOFSLOPENAPI.py             Post WebRequest Send Successfully
2024-04-08 12:30:16             SUCCESS             MOFSLOPENAPI.py             GetOrderDetailByUniqueorderID request sent Successfully
2024-04-08 12:30:16             SUCCESS             MOFSLOPENAPI.py             Initilaize GetTradeBook request send
2024-04-08 12:30:16             SUCCESS             MOFSLOPENAPI.py             Initilize Post WebRequest Sent
2024-04-08 12:30:17             SUCCESS             MOFSLOPENAPI.py             Post WebRequest Send Successfully
2024-04-08 12:30:17             SUCCESS             MOFSLOPENAPI.py             GetTradeBook request sent Successfully
2024-04-08 12:30:17             SUCCESS             MOFSLOPENAPI.py             Initilaize PlaceOrder request send
2024-04-08 12:30:17             SUCCESS             MOFSLOPENAPI.py             Initilize Post WebRequest Sent
2024-04-08 12:30:17             SUCCESS             MOFSLOPENAPI.py             Post WebRequest Send Successfully
2024-04-08 12:30:17             SUCCESS             MOFSLOPENAPI.py             PlaceOrder request sent Successfully
2024-04-08 12:30:18             SUCCESS             MOFSLOPENAPI.py             Initilaize GetOrderDetailByUniqueorderID request send
2024-04-08 12:30:18             SUCCESS             MOFSLOPENAPI.py             Initilize Post WebRequest Sent
2024-04-08 12:30:18             SUCCESS             MOFSLOPENAPI.py             Post WebRequest Send Successfully
2024-04-08 12:30:18             SUCCESS             MOFSLOPENAPI.py             GetOrderDetailByUniqueorderID request sent Successfully
2024-04-08 12:30:23             SUCCESS             MOFSLOPENAPI.py             Initilaize GetOrderDetailByUniqueorderID request send
2024-04-08 12:30:23             SUCCESS             MOFSLOPENAPI.py             Initilize Post WebRequest Sent
2024-04-08 12:30:24             SUCCESS             MOFSLOPENAPI.py             Post WebRequest Send Successfully
2024-04-08 12:30:24             SUCCESS             MOFSLOPENAPI.py             GetOrderDetailByUniqueorderID request sent Successfully
2024-04-08 12:30:24             SUCCESS             MOFSLOPENAPI.py             Initilaize GetTradeBook request send
2024-04-08 12:30:24             SUCCESS             MOFSLOPENAPI.py             Initilize Post WebRequest Sent
2024-04-08 12:30:24             SUCCESS             MOFSLOPENAPI.py             Post WebRequest Send Successfully
2024-04-08 12:30:24             SUCCESS             MOFSLOPENAPI.py             GetTradeBook request sent Successfully
2024-04-08 12:30:24             SUCCESS             MOFSLOPENAPI.py             Initilaize PlaceOrder request send
2024-04-08 12:30:24             SUCCESS             MOFSLOPENAPI.py             Initilize Post WebRequest Sent
2024-04-08 12:30:25             SUCCESS             MOFSLOPENAPI.py             Post WebRequest Send Successfully
2024-04-08 12:30:25             SUCCESS             MOFSLOPENAPI.py             PlaceOrder request sent Successfully
2024-04-08 12:30:25             SUCCESS             MOFSLOPENAPI.py             Initilaize GetOrderDetailByUniqueorderID request send
2024-04-08 12:30:25             SUCCESS             MOFSLOPENAPI.py             Initilize Post WebRequest Sent
2024-04-08 12:30:25             SUCCESS             MOFSLOPENAPI.py             Post WebRequest Send Successfully
2024-04-08 12:30:25             SUCCESS             MOFSLOPENAPI.py             GetOrderDetailByUniqueorderID request sent Successfully
2024-04-08 12:30:30             SUCCESS             MOFSLOPENAPI.py             Initilaize GetOrderDetailByUniqueorderID request send
2024-04-08 12:30:30             SUCCESS             MOFSLOPENAPI.py             Initilize Post WebRequest Sent
2024-04-08 12:30:31             SUCCESS             MOFSLOPENAPI.py             Post WebRequest Send Successfully
2024-04-08 12:30:31             SUCCESS             MOFSLOPENAPI.py             GetOrderDetailByUniqueorderID request sent Successfully
2024-04-08 12:30:31             SUCCESS             MOFSLOPENAPI.py             Initilaize GetTradeBook request send
2024-04-08 12:30:31             SUCCESS             MOFSLOPENAPI.py             Initilize Post WebRequest Sent
2024-04-08 12:30:31             SUCCESS             MOFSLOPENAPI.py             Post WebRequest Send Successfully
2024-04-08 12:30:31             SUCCESS             MOFSLOPENAPI.py             GetTradeBook request sent Successfully
2024-04-08 12:32:54             SUCCESS             MOFSLOPENAPI.py             Initilaize GetPosition request send
2024-04-08 12:32:54             SUCCESS             MOFSLOPENAPI.py             Initilize Post WebRequest Sent
2024-04-08 12:32:56             SUCCESS             MOFSLOPENAPI.py             Post WebRequest Send Successfully
2024-04-08 12:32:56             SUCCESS             MOFSLOPENAPI.py             GetPosition request sent Successfully
2024-04-08 12:36:21             SUCCESS             MOFSLOPENAPI.py             Initilaize GetPosition request send
2024-04-08 12:36:21             SUCCESS             MOFSLOPENAPI.py             Initilize Post WebRequest Sent
2024-04-08 12:36:23             SUCCESS             MOFSLOPENAPI.py             Post WebRequest Send Successfully
2024-04-08 12:36:23             SUCCESS             MOFSLOPENAPI.py             GetPosition request sent Successfully
2024-04-08 12:38:47             SUCCESS             MOFSLOPENAPI.py             Initilaize PlaceOrder request send
2024-04-08 12:38:47             SUCCESS             MOFSLOPENAPI.py             Initilize Post WebRequest Sent
2024-04-08 12:38:48             SUCCESS             MOFSLOPENAPI.py             Post WebRequest Send Successfully
2024-04-08 12:38:48             SUCCESS             MOFSLOPENAPI.py             PlaceOrder request sent Successfully
2024-04-08 12:38:49             SUCCESS             MOFSLOPENAPI.py             Initilaize GetOrderDetailByUniqueorderID request send
2024-04-08 12:38:49             SUCCESS             MOFSLOPENAPI.py             Initilize Post WebRequest Sent
2024-04-08 12:38:49             SUCCESS             MOFSLOPENAPI.py             Post WebRequest Send Successfully
2024-04-08 12:38:49             SUCCESS             MOFSLOPENAPI.py             GetOrderDetailByUniqueorderID request sent Successfully
2024-04-08 12:38:54             SUCCESS             MOFSLOPENAPI.py             Initilaize GetOrderDetailByUniqueorderID request send
2024-04-08 12:38:54             SUCCESS             MOFSLOPENAPI.py             Initilize Post WebRequest Sent
2024-04-08 12:38:55             SUCCESS             MOFSLOPENAPI.py             Post WebRequest Send Successfully
2024-04-08 12:38:55             SUCCESS             MOFSLOPENAPI.py             GetOrderDetailByUniqueorderID request sent Successfully
2024-04-08 12:38:55             SUCCESS             MOFSLOPENAPI.py             Initilaize GetTradeBook request send
2024-04-08 12:38:55             SUCCESS             MOFSLOPENAPI.py             Initilize Post WebRequest Sent
2024-04-08 12:38:56             SUCCESS             MOFSLOPENAPI.py             Post WebRequest Send Successfully
2024-04-08 12:38:56             SUCCESS             MOFSLOPENAPI.py             GetTradeBook request sent Successfully
2024-04-08 12:40:35             SUCCESS             MOFSLOPENAPI.py             Initilaize GetOrderDetailByUniqueorderID request send
2024-04-08 12:40:35             SUCCESS             MOFSLOPENAPI.py             Initilize Post WebRequest Sent
2024-04-08 12:40:37             SUCCESS             MOFSLOPENAPI.py             Post WebRequest Send Successfully
2024-04-08 12:40:37             SUCCESS             MOFSLOPENAPI.py             GetOrderDetailByUniqueorderID request sent Successfully
2024-04-08 12:40:46             SUCCESS             MOFSLOPENAPI.py             Initilaize GetOrderDetailByUniqueorderID request send
2024-04-08 12:40:46             SUCCESS             MOFSLOPENAPI.py             Initilize Post WebRequest Sent
2024-04-08 12:40:49             SUCCESS             MOFSLOPENAPI.py             Post WebRequest Send Successfully
2024-04-08 12:40:49             SUCCESS             MOFSLOPENAPI.py             GetOrderDetailByUniqueorderID request sent Successfully
2024-04-08 12:41:36             SUCCESS             MOFSLOPENAPI.py             Initilaize GetPosition request send
2024-04-08 12:41:36             SUCCESS             MOFSLOPENAPI.py             Initilize Post WebRequest Sent
2024-04-08 12:41:37             SUCCESS             MOFSLOPENAPI.py             Post WebRequest Send Successfully
2024-04-08 12:41:37             SUCCESS             MOFSLOPENAPI.py             GetPosition request sent Successfully
2024-04-08 13:38:17             SUCCESS             MOFSLOPENAPI.py             Initilaize GetOrderBook request send
2024-04-08 13:38:17             SUCCESS             MOFSLOPENAPI.py             Initilize Post WebRequest Sent
2024-04-08 13:38:18             SUCCESS             MOFSLOPENAPI.py             Post WebRequest Send Successfully
2024-04-08 13:38:18             SUCCESS             MOFSLOPENAPI.py             GetOrderBook request sent Successfully
2024-04-08 13:39:12             SUCCESS             MOFSLOPENAPI.py             Initilaize CancelOrder request send
2024-04-08 13:39:12             SUCCESS             MOFSLOPENAPI.py             Initilize Post WebRequest Sent
2024-04-08 13:39:12             SUCCESS             MOFSLOPENAPI.py             Post WebRequest Send Successfully
2024-04-08 13:39:12             SUCCESS             MOFSLOPENAPI.py             CancelOrder request sent Successfully
2024-04-08 13:39:13             SUCCESS             MOFSLOPENAPI.py             Initilaize GetOrderDetailByUniqueorderID request send
2024-04-08 13:39:13             SUCCESS             MOFSLOPENAPI.py             Initilize Post WebRequest Sent
2024-04-08 13:39:13             SUCCESS             MOFSLOPENAPI.py             Post WebRequest Send Successfully
2024-04-08 13:39:13             SUCCESS             MOFSLOPENAPI.py             GetOrderDetailByUniqueorderID request sent Successfully
2024-04-08 13:39:13             SUCCESS             MOFSLOPENAPI.py             Initilaize GetTradeBook request send
2024-04-08 13:39:13             SUCCESS             MOFSLOPENAPI.py             Initilize Post WebRequest Sent
2024-04-08 13:39:13             SUCCESS             MOFSLOPENAPI.py             Post WebRequest Send Successfully
2024-04-08 13:39:13             SUCCESS             MOFSLOPENAPI.py             GetTradeBook request sent Successfully
