2024-03-12 12:53:14             SUCCESS             MOFSLOPENAPI.py             Initilize Constructor
2024-03-12 12:53:15             SUCCESS             MOFSLOPENAPI.py             GetManufacturerHP
2024-03-12 12:53:15             SUCCESS             MOFSLOPENAPI.py             Initilize Constructor Done
2024-03-12 12:53:15             SUCCESS             MOFSLOPENAPI.py             Initilize login request send
2024-03-12 12:53:15             SUCCESS             MOFSLOPENAPI.py             Initilize Post WebRequest Sent
2024-03-12 12:53:16             SUCCESS             MOFSLOPENAPI.py             Post WebRequest Send Successfully
2024-03-12 12:53:16             SUCCESS             MOFSLOPENAPI.py             Login sucessfully
2024-03-12 13:03:19             SUCCESS             MOFSLOPENAPI.py             Initilize Constructor
2024-03-12 13:03:19             SUCCESS             MOFSLOPENAPI.py             GetManufacturerHP
2024-03-12 13:03:20             SUCCESS             MOFSLOPENAPI.py             Initilize Constructor Done
2024-03-12 13:03:20             SUCCESS             MOFSLOPENAPI.py             Initilize login request send
2024-03-12 13:03:20             SUCCESS             MOFSLOPENAPI.py             Initilize Post WebRequest Sent
2024-03-12 13:03:21             SUCCESS             MOFSLOPENAPI.py             Post WebRequest Send Successfully
2024-03-12 13:03:21             SUCCESS             MOFSLOPENAPI.py             Login sucessfully
2024-03-12 13:03:38             SUCCESS             MOFSLOPENAPI.py             Initilize Constructor
2024-03-12 13:03:39             SUCCESS             MOFSLOPENAPI.py             GetManufacturerHP
2024-03-12 13:03:42             SUCCESS             MOFSLOPENAPI.py             Initilize Constructor Done
2024-03-12 13:03:42             SUCCESS             MOFSLOPENAPI.py             Initilize login request send
2024-03-12 13:03:42             SUCCESS             MOFSLOPENAPI.py             Initilize Post WebRequest Sent
2024-03-12 13:03:43             SUCCESS             MOFSLOPENAPI.py             Post WebRequest Send Successfully
2024-03-12 13:03:43             SUCCESS             MOFSLOPENAPI.py             Login sucessfully
2024-03-12 13:05:39             SUCCESS             MOFSLOPENAPI.py             Initilaize GetLtp request send
2024-03-12 13:05:39             SUCCESS             MOFSLOPENAPI.py             Initilize Post WebRequest Sent
2024-03-12 13:05:39             SUCCESS             MOFSLOPENAPI.py             Post WebRequest Send Successfully
2024-03-12 13:05:39             SUCCESS             MOFSLOPENAPI.py             GetLtp request sent Successfully
2024-03-12 13:05:39             SUCCESS             MOFSLOPENAPI.py             Initilaize GetLtp request send
2024-03-12 13:05:39             SUCCESS             MOFSLOPENAPI.py             Initilize Post WebRequest Sent
2024-03-12 13:05:40             SUCCESS             MOFSLOPENAPI.py             Post WebRequest Send Successfully
2024-03-12 13:05:40             SUCCESS             MOFSLOPENAPI.py             GetLtp request sent Successfully
2024-03-12 13:05:40             SUCCESS             MOFSLOPENAPI.py             Initilaize PlaceOrder request send
2024-03-12 13:05:40             SUCCESS             MOFSLOPENAPI.py             Initilize Post WebRequest Sent
2024-03-12 13:05:40             SUCCESS             MOFSLOPENAPI.py             Post WebRequest Send Successfully
2024-03-12 13:05:40             SUCCESS             MOFSLOPENAPI.py             PlaceOrder request sent Successfully
2024-03-12 13:05:40             SUCCESS             MOFSLOPENAPI.py             Initilaize GetOrderDetailByUniqueorderID request send
2024-03-12 13:05:40             SUCCESS             MOFSLOPENAPI.py             Initilize Post WebRequest Sent
2024-03-12 13:05:41             SUCCESS             MOFSLOPENAPI.py             Post WebRequest Send Successfully
2024-03-12 13:05:41             SUCCESS             MOFSLOPENAPI.py             GetOrderDetailByUniqueorderID request sent Successfully
2024-03-12 13:05:46             SUCCESS             MOFSLOPENAPI.py             Initilaize GetOrderDetailByUniqueorderID request send
2024-03-12 13:05:46             SUCCESS             MOFSLOPENAPI.py             Initilize Post WebRequest Sent
2024-03-12 13:05:48             SUCCESS             MOFSLOPENAPI.py             Post WebRequest Send Successfully
2024-03-12 13:05:48             SUCCESS             MOFSLOPENAPI.py             GetOrderDetailByUniqueorderID request sent Successfully
2024-03-12 13:10:01             SUCCESS             MOFSLOPENAPI.py             Initilaize GetLtp request send
2024-03-12 13:10:01             SUCCESS             MOFSLOPENAPI.py             Initilize Post WebRequest Sent
2024-03-12 13:10:03             SUCCESS             MOFSLOPENAPI.py             Post WebRequest Send Successfully
2024-03-12 13:10:03             SUCCESS             MOFSLOPENAPI.py             GetLtp request sent Successfully
2024-03-12 13:10:03             SUCCESS             MOFSLOPENAPI.py             Initilaize GetLtp request send
2024-03-12 13:10:03             SUCCESS             MOFSLOPENAPI.py             Initilize Post WebRequest Sent
2024-03-12 13:10:05             SUCCESS             MOFSLOPENAPI.py             Post WebRequest Send Successfully
2024-03-12 13:10:05             SUCCESS             MOFSLOPENAPI.py             GetLtp request sent Successfully
2024-03-12 13:10:06             SUCCESS             MOFSLOPENAPI.py             Initilaize PlaceOrder request send
2024-03-12 13:10:06             SUCCESS             MOFSLOPENAPI.py             Initilize Post WebRequest Sent
2024-03-12 13:10:09             SUCCESS             MOFSLOPENAPI.py             Post WebRequest Send Successfully
2024-03-12 13:10:09             SUCCESS             MOFSLOPENAPI.py             PlaceOrder request sent Successfully
2024-03-12 13:10:09             SUCCESS             MOFSLOPENAPI.py             Initilaize GetOrderDetailByUniqueorderID request send
2024-03-12 13:10:09             SUCCESS             MOFSLOPENAPI.py             Initilize Post WebRequest Sent
2024-03-12 13:10:10             SUCCESS             MOFSLOPENAPI.py             Post WebRequest Send Successfully
2024-03-12 13:10:10             SUCCESS             MOFSLOPENAPI.py             GetOrderDetailByUniqueorderID request sent Successfully
2024-03-12 13:24:08             SUCCESS             MOFSLOPENAPI.py             Initilize Constructor
2024-03-12 13:24:09             SUCCESS             MOFSLOPENAPI.py             GetManufacturerHP
2024-03-12 13:24:09             SUCCESS             MOFSLOPENAPI.py             Initilize Constructor Done
2024-03-12 13:24:09             SUCCESS             MOFSLOPENAPI.py             Initilize login request send
2024-03-12 13:24:10             SUCCESS             MOFSLOPENAPI.py             Initilize Post WebRequest Sent
2024-03-12 13:24:31             FAILED             MOFSLOPENAPI.py             HTTPSConnectionPool(host='uatopenapi.motilaloswal.com', port=443): Max retries exceeded with url: /rest/login/v4/authdirectapi (Caused by ConnectTimeoutError(<urllib3.connection.HTTPSConnection object at 0x000001DD81719090>, 'Connection to uatopenapi.motilaloswal.com timed out. (connect timeout=None)'))
2024-03-12 13:24:31             FAILED             MOFSLOPENAPI.py             login_Error while sending the webRequest
2024-03-12 13:24:31             FAILED             MOFSLOPENAPI.py             Login Request failed
2024-03-12 13:26:09             SUCCESS             MOFSLOPENAPI.py             Initilize Constructor
2024-03-12 13:26:10             SUCCESS             MOFSLOPENAPI.py             GetManufacturerHP
2024-03-12 13:26:15             SUCCESS             MOFSLOPENAPI.py             Initilize Constructor Done
2024-03-12 13:26:15             SUCCESS             MOFSLOPENAPI.py             Initilize login request send
2024-03-12 13:26:15             SUCCESS             MOFSLOPENAPI.py             Initilize Post WebRequest Sent
2024-03-12 13:26:15             FAILED             MOFSLOPENAPI.py             'NoneType' object is not subscriptable
2024-03-12 13:26:15             FAILED             MOFSLOPENAPI.py             login_Error while sending the webRequest
2024-03-12 13:26:15             FAILED             MOFSLOPENAPI.py             Login Request failed
2024-03-12 13:28:23             SUCCESS             MOFSLOPENAPI.py             Initilize Constructor
2024-03-12 13:28:23             SUCCESS             MOFSLOPENAPI.py             GetManufacturerHP
2024-03-12 13:28:24             SUCCESS             MOFSLOPENAPI.py             Initilize Constructor Done
2024-03-12 13:28:24             SUCCESS             MOFSLOPENAPI.py             Initilize login request send
2024-03-12 13:28:24             SUCCESS             MOFSLOPENAPI.py             Initilize Post WebRequest Sent
2024-03-12 13:28:24             SUCCESS             MOFSLOPENAPI.py             Post WebRequest Send Successfully
2024-03-12 13:28:24             SUCCESS             MOFSLOPENAPI.py             Login sucessfully
2024-03-12 13:34:46             SUCCESS             MOFSLOPENAPI.py             Initilize Constructor
2024-03-12 13:34:51             SUCCESS             MOFSLOPENAPI.py             GetManufacturerHP
2024-03-12 13:34:52             SUCCESS             MOFSLOPENAPI.py             Initilize Constructor Done
2024-03-12 13:34:52             SUCCESS             MOFSLOPENAPI.py             Initilize login request send
2024-03-12 13:34:52             SUCCESS             MOFSLOPENAPI.py             Initilize Post WebRequest Sent
2024-03-12 13:34:52             SUCCESS             MOFSLOPENAPI.py             Post WebRequest Send Successfully
2024-03-12 13:34:52             SUCCESS             MOFSLOPENAPI.py             Login sucessfully
2024-03-12 13:35:15             SUCCESS             MOFSLOPENAPI.py             Initilaize GetLtp request send
2024-03-12 13:35:15             SUCCESS             MOFSLOPENAPI.py             Initilize Post WebRequest Sent
2024-03-12 13:35:15             SUCCESS             MOFSLOPENAPI.py             Post WebRequest Send Successfully
2024-03-12 13:35:15             SUCCESS             MOFSLOPENAPI.py             GetLtp request sent Successfully
2024-03-12 13:35:15             SUCCESS             MOFSLOPENAPI.py             Initilaize GetLtp request send
2024-03-12 13:35:15             SUCCESS             MOFSLOPENAPI.py             Initilize Post WebRequest Sent
2024-03-12 13:35:15             SUCCESS             MOFSLOPENAPI.py             Post WebRequest Send Successfully
2024-03-12 13:35:15             SUCCESS             MOFSLOPENAPI.py             GetLtp request sent Successfully
2024-03-12 13:35:16             SUCCESS             MOFSLOPENAPI.py             Initilaize PlaceOrder request send
2024-03-12 13:35:16             SUCCESS             MOFSLOPENAPI.py             Initilize Post WebRequest Sent
2024-03-12 13:35:16             SUCCESS             MOFSLOPENAPI.py             Post WebRequest Send Successfully
2024-03-12 13:35:16             SUCCESS             MOFSLOPENAPI.py             PlaceOrder request sent Successfully
2024-03-12 13:35:16             SUCCESS             MOFSLOPENAPI.py             Initilaize GetOrderDetailByUniqueorderID request send
2024-03-12 13:35:16             SUCCESS             MOFSLOPENAPI.py             Initilize Post WebRequest Sent
2024-03-12 13:35:17             SUCCESS             MOFSLOPENAPI.py             Post WebRequest Send Successfully
2024-03-12 13:35:17             SUCCESS             MOFSLOPENAPI.py             GetOrderDetailByUniqueorderID request sent Successfully
2024-03-12 13:35:22             SUCCESS             MOFSLOPENAPI.py             Initilaize GetOrderDetailByUniqueorderID request send
2024-03-12 13:35:22             SUCCESS             MOFSLOPENAPI.py             Initilize Post WebRequest Sent
2024-03-12 13:35:22             SUCCESS             MOFSLOPENAPI.py             Post WebRequest Send Successfully
2024-03-12 13:35:22             SUCCESS             MOFSLOPENAPI.py             GetOrderDetailByUniqueorderID request sent Successfully
2024-03-12 13:35:22             SUCCESS             MOFSLOPENAPI.py             Initilaize PlaceOrder request send
2024-03-12 13:35:22             SUCCESS             MOFSLOPENAPI.py             Initilize Post WebRequest Sent
2024-03-12 13:35:23             SUCCESS             MOFSLOPENAPI.py             Post WebRequest Send Successfully
2024-03-12 13:35:23             SUCCESS             MOFSLOPENAPI.py             PlaceOrder request sent Successfully
2024-03-12 13:35:23             SUCCESS             MOFSLOPENAPI.py             Initilaize GetOrderDetailByUniqueorderID request send
2024-03-12 13:35:23             SUCCESS             MOFSLOPENAPI.py             Initilize Post WebRequest Sent
2024-03-12 13:35:23             SUCCESS             MOFSLOPENAPI.py             Post WebRequest Send Successfully
2024-03-12 13:35:23             SUCCESS             MOFSLOPENAPI.py             GetOrderDetailByUniqueorderID request sent Successfully
2024-03-12 13:35:28             SUCCESS             MOFSLOPENAPI.py             Initilaize GetOrderDetailByUniqueorderID request send
2024-03-12 13:35:28             SUCCESS             MOFSLOPENAPI.py             Initilize Post WebRequest Sent
2024-03-12 13:35:29             SUCCESS             MOFSLOPENAPI.py             Post WebRequest Send Successfully
2024-03-12 13:35:29             SUCCESS             MOFSLOPENAPI.py             GetOrderDetailByUniqueorderID request sent Successfully
2024-03-12 13:35:29             SUCCESS             MOFSLOPENAPI.py             Initilaize ModifyOrder request send
2024-03-12 13:35:29             SUCCESS             MOFSLOPENAPI.py             Initilize Post WebRequest Sent
2024-03-12 13:35:30             SUCCESS             MOFSLOPENAPI.py             Post WebRequest Send Successfully
2024-03-12 13:35:30             SUCCESS             MOFSLOPENAPI.py             ModifyOrder request sent Successfully
2024-03-12 13:35:33             SUCCESS             MOFSLOPENAPI.py             Initilaize ModifyOrder request send
2024-03-12 13:35:33             SUCCESS             MOFSLOPENAPI.py             Initilize Post WebRequest Sent
2024-03-12 13:35:34             SUCCESS             MOFSLOPENAPI.py             Post WebRequest Send Successfully
2024-03-12 13:35:34             SUCCESS             MOFSLOPENAPI.py             ModifyOrder request sent Successfully
2024-03-12 13:35:36             SUCCESS             MOFSLOPENAPI.py             Initilaize ModifyOrder request send
2024-03-12 13:35:36             SUCCESS             MOFSLOPENAPI.py             Initilize Post WebRequest Sent
2024-03-12 13:35:38             SUCCESS             MOFSLOPENAPI.py             Post WebRequest Send Successfully
2024-03-12 13:35:38             SUCCESS             MOFSLOPENAPI.py             ModifyOrder request sent Successfully
2024-03-12 13:37:47             SUCCESS             MOFSLOPENAPI.py             Initilize Constructor
2024-03-12 13:37:48             SUCCESS             MOFSLOPENAPI.py             GetManufacturerHP
2024-03-12 13:37:48             SUCCESS             MOFSLOPENAPI.py             Initilize Constructor Done
2024-03-12 13:37:48             SUCCESS             MOFSLOPENAPI.py             Initilize login request send
2024-03-12 13:37:48             SUCCESS             MOFSLOPENAPI.py             Initilize Post WebRequest Sent
2024-03-12 13:38:10             FAILED             MOFSLOPENAPI.py             HTTPSConnectionPool(host='uatopenapi.motilaloswal.com', port=443): Max retries exceeded with url: /rest/login/v4/authdirectapi (Caused by ConnectTimeoutError(<urllib3.connection.HTTPSConnection object at 0x00000263464F2890>, 'Connection to uatopenapi.motilaloswal.com timed out. (connect timeout=None)'))
2024-03-12 13:38:10             FAILED             MOFSLOPENAPI.py             login_Error while sending the webRequest
2024-03-12 13:38:10             FAILED             MOFSLOPENAPI.py             Login Request failed
2024-03-12 13:39:21             SUCCESS             MOFSLOPENAPI.py             Initilaize GetOrderDetailByUniqueorderID request send
2024-03-12 13:39:21             SUCCESS             MOFSLOPENAPI.py             Initilize Post WebRequest Sent
2024-03-12 13:39:42             FAILED             MOFSLOPENAPI.py             HTTPSConnectionPool(host='uatopenapi.motilaloswal.com', port=443): Max retries exceeded with url: /rest/book/v1/getorderdetailbyuniqueorderid (Caused by ConnectTimeoutError(<urllib3.connection.HTTPSConnection object at 0x00000263464D5F00>, 'Connection to uatopenapi.motilaloswal.com timed out. (connect timeout=None)'))
2024-03-12 13:39:42             FAILED             MOFSLOPENAPI.py             Expecting value: line 1 column 1 (char 0)
2024-03-12 13:40:06             SUCCESS             MOFSLOPENAPI.py             Initilize Constructor
2024-03-12 13:40:12             SUCCESS             MOFSLOPENAPI.py             GetManufacturerHP
2024-03-12 13:40:13             SUCCESS             MOFSLOPENAPI.py             Initilize Constructor Done
2024-03-12 13:40:13             SUCCESS             MOFSLOPENAPI.py             Initilize login request send
2024-03-12 13:40:13             SUCCESS             MOFSLOPENAPI.py             Initilize Post WebRequest Sent
2024-03-12 13:40:14             SUCCESS             MOFSLOPENAPI.py             Post WebRequest Send Successfully
2024-03-12 13:40:14             SUCCESS             MOFSLOPENAPI.py             Login sucessfully
2024-03-12 13:40:16             SUCCESS             MOFSLOPENAPI.py             Initilaize GetOrderDetailByUniqueorderID request send
2024-03-12 13:40:16             SUCCESS             MOFSLOPENAPI.py             Initilize Post WebRequest Sent
2024-03-12 13:40:16             SUCCESS             MOFSLOPENAPI.py             Post WebRequest Send Successfully
2024-03-12 13:40:16             SUCCESS             MOFSLOPENAPI.py             GetOrderDetailByUniqueorderID request sent Successfully
2024-03-12 13:40:41             SUCCESS             MOFSLOPENAPI.py             Initilaize ModifyOrder request send
2024-03-12 13:40:41             SUCCESS             MOFSLOPENAPI.py             Initilize Post WebRequest Sent
2024-03-12 13:40:42             SUCCESS             MOFSLOPENAPI.py             Post WebRequest Send Successfully
2024-03-12 13:40:42             SUCCESS             MOFSLOPENAPI.py             ModifyOrder request sent Successfully
2024-03-12 13:41:29             SUCCESS             MOFSLOPENAPI.py             Initilaize ModifyOrder request send
2024-03-12 13:41:29             SUCCESS             MOFSLOPENAPI.py             Initilize Post WebRequest Sent
2024-03-12 13:41:31             SUCCESS             MOFSLOPENAPI.py             Post WebRequest Send Successfully
2024-03-12 13:41:31             SUCCESS             MOFSLOPENAPI.py             ModifyOrder request sent Successfully
2024-03-12 13:41:43             SUCCESS             MOFSLOPENAPI.py             Initilaize GetOrderDetailByUniqueorderID request send
2024-03-12 13:41:43             SUCCESS             MOFSLOPENAPI.py             Initilize Post WebRequest Sent
2024-03-12 13:41:43             SUCCESS             MOFSLOPENAPI.py             Post WebRequest Send Successfully
2024-03-12 13:41:44             SUCCESS             MOFSLOPENAPI.py             GetOrderDetailByUniqueorderID request sent Successfully
2024-03-12 14:37:43             SUCCESS             MOFSLOPENAPI.py             Initilize Constructor
2024-03-12 14:37:43             SUCCESS             MOFSLOPENAPI.py             GetManufacturerHP
2024-03-12 14:37:43             SUCCESS             MOFSLOPENAPI.py             Initilize Constructor Done
2024-03-12 14:37:43             SUCCESS             MOFSLOPENAPI.py             Initilize login request send
2024-03-12 14:37:43             SUCCESS             MOFSLOPENAPI.py             Initilize Post WebRequest Sent
2024-03-12 14:38:05             FAILED             MOFSLOPENAPI.py             HTTPSConnectionPool(host='uatopenapi.motilaloswal.com', port=443): Max retries exceeded with url: /rest/login/v4/authdirectapi (Caused by ConnectTimeoutError(<urllib3.connection.HTTPSConnection object at 0x0000026343A11240>, 'Connection to uatopenapi.motilaloswal.com timed out. (connect timeout=None)'))
2024-03-12 14:38:05             FAILED             MOFSLOPENAPI.py             login_Error while sending the webRequest
2024-03-12 14:38:05             FAILED             MOFSLOPENAPI.py             Login Request failed
