2024-03-14 11:26:56             SUCCESS             MOFSLOPENAPI.py             Initilize Constructor
2024-03-14 11:26:57             SUCCESS             MOFSLOPENAPI.py             GetManufacturerHP
2024-03-14 11:26:59             SUCCESS             MOFSLOPENAPI.py             Initilize Constructor Done
2024-03-14 11:26:59             SUCCESS             MOFSLOPENAPI.py             Initilize login request send
2024-03-14 11:26:59             SUCCESS             MOFSLOPENAPI.py             Initilize Post WebRequest Sent
2024-03-14 11:27:20             FAILED             MOFSLOPENAPI.py             HTTPSConnectionPool(host='uatopenapi.motilaloswal.com', port=443): Max retries exceeded with url: /rest/login/v4/authdirectapi (Caused by ConnectTimeoutError(<urllib3.connection.HTTPSConnection object at 0x000002210B2C4040>, 'Connection to uatopenapi.motilaloswal.com timed out. (connect timeout=None)'))
2024-03-14 11:27:20             FAILED             MOFSLOPENAPI.py             login_Error while sending the webRequest
2024-03-14 11:27:20             FAILED             MOFSLOPENAPI.py             Login Request failed
2024-03-14 11:27:47             SUCCESS             MOFSLOPENAPI.py             Initilize Constructor
2024-03-14 11:27:48             SUCCESS             MOFSLOPENAPI.py             GetManufacturerHP
2024-03-14 11:27:48             SUCCESS             MOFSLOPENAPI.py             Initilize Constructor Done
2024-03-14 11:27:48             SUCCESS             MOFSLOPENAPI.py             Initilize login request send
2024-03-14 11:27:48             SUCCESS             MOFSLOPENAPI.py             Initilize Post WebRequest Sent
2024-03-14 11:27:49             SUCCESS             MOFSLOPENAPI.py             Post WebRequest Send Successfully
2024-03-14 11:27:49             SUCCESS             MOFSLOPENAPI.py             Login sucessfully
2024-03-14 11:33:15             SUCCESS             MOFSLOPENAPI.py             Initilize Constructor
2024-03-14 11:33:16             SUCCESS             MOFSLOPENAPI.py             GetManufacturerHP
2024-03-14 11:33:17             SUCCESS             MOFSLOPENAPI.py             Initilize Constructor Done
2024-03-14 11:33:17             SUCCESS             MOFSLOPENAPI.py             Initilize login request send
2024-03-14 11:33:17             SUCCESS             MOFSLOPENAPI.py             Initilize Post WebRequest Sent
2024-03-14 11:33:17             SUCCESS             MOFSLOPENAPI.py             Post WebRequest Send Successfully
2024-03-14 11:33:17             SUCCESS             MOFSLOPENAPI.py             Login sucessfully
2024-03-14 11:35:01             SUCCESS             MOFSLOPENAPI.py             Initilaize GetLtp request send
2024-03-14 11:35:01             SUCCESS             MOFSLOPENAPI.py             Initilize Post WebRequest Sent
2024-03-14 11:35:01             SUCCESS             MOFSLOPENAPI.py             Post WebRequest Send Successfully
2024-03-14 11:35:01             SUCCESS             MOFSLOPENAPI.py             GetLtp request sent Successfully
2024-03-14 11:35:01             SUCCESS             MOFSLOPENAPI.py             Initilaize GetLtp request send
2024-03-14 11:35:01             SUCCESS             MOFSLOPENAPI.py             Initilize Post WebRequest Sent
2024-03-14 11:35:01             SUCCESS             MOFSLOPENAPI.py             Post WebRequest Send Successfully
2024-03-14 11:35:01             SUCCESS             MOFSLOPENAPI.py             GetLtp request sent Successfully
2024-03-14 11:35:02             SUCCESS             MOFSLOPENAPI.py             Initilaize PlaceOrder request send
2024-03-14 11:35:02             SUCCESS             MOFSLOPENAPI.py             Initilize Post WebRequest Sent
2024-03-14 11:35:02             SUCCESS             MOFSLOPENAPI.py             Post WebRequest Send Successfully
2024-03-14 11:35:02             SUCCESS             MOFSLOPENAPI.py             PlaceOrder request sent Successfully
2024-03-14 11:35:02             SUCCESS             MOFSLOPENAPI.py             Initilaize GetOrderDetailByUniqueorderID request send
2024-03-14 11:35:02             SUCCESS             MOFSLOPENAPI.py             Initilize Post WebRequest Sent
2024-03-14 11:35:03             SUCCESS             MOFSLOPENAPI.py             Post WebRequest Send Successfully
2024-03-14 11:35:03             SUCCESS             MOFSLOPENAPI.py             GetOrderDetailByUniqueorderID request sent Successfully
2024-03-14 11:35:08             SUCCESS             MOFSLOPENAPI.py             Initilaize GetOrderDetailByUniqueorderID request send
2024-03-14 11:35:08             SUCCESS             MOFSLOPENAPI.py             Initilize Post WebRequest Sent
2024-03-14 11:35:08             SUCCESS             MOFSLOPENAPI.py             Post WebRequest Send Successfully
2024-03-14 11:35:08             SUCCESS             MOFSLOPENAPI.py             GetOrderDetailByUniqueorderID request sent Successfully
2024-03-14 11:35:08             SUCCESS             MOFSLOPENAPI.py             Initilaize PlaceOrder request send
2024-03-14 11:35:08             SUCCESS             MOFSLOPENAPI.py             Initilize Post WebRequest Sent
2024-03-14 11:35:09             SUCCESS             MOFSLOPENAPI.py             Post WebRequest Send Successfully
2024-03-14 11:35:09             SUCCESS             MOFSLOPENAPI.py             PlaceOrder request sent Successfully
2024-03-14 11:35:09             SUCCESS             MOFSLOPENAPI.py             Initilaize GetOrderDetailByUniqueorderID request send
2024-03-14 11:35:09             SUCCESS             MOFSLOPENAPI.py             Initilize Post WebRequest Sent
2024-03-14 11:35:09             SUCCESS             MOFSLOPENAPI.py             Post WebRequest Send Successfully
2024-03-14 11:35:09             SUCCESS             MOFSLOPENAPI.py             GetOrderDetailByUniqueorderID request sent Successfully
2024-03-14 11:35:15             SUCCESS             MOFSLOPENAPI.py             Initilaize GetOrderDetailByUniqueorderID request send
2024-03-14 11:35:15             SUCCESS             MOFSLOPENAPI.py             Initilize Post WebRequest Sent
2024-03-14 11:35:15             SUCCESS             MOFSLOPENAPI.py             Post WebRequest Send Successfully
2024-03-14 11:35:15             SUCCESS             MOFSLOPENAPI.py             GetOrderDetailByUniqueorderID request sent Successfully
2024-03-14 11:40:00             SUCCESS             MOFSLOPENAPI.py             Initilaize GetLtp request send
2024-03-14 11:40:00             SUCCESS             MOFSLOPENAPI.py             Initilize Post WebRequest Sent
2024-03-14 11:40:01             SUCCESS             MOFSLOPENAPI.py             Post WebRequest Send Successfully
2024-03-14 11:40:01             SUCCESS             MOFSLOPENAPI.py             GetLtp request sent Successfully
2024-03-14 11:40:01             SUCCESS             MOFSLOPENAPI.py             Initilaize GetLtp request send
2024-03-14 11:40:01             SUCCESS             MOFSLOPENAPI.py             Initilize Post WebRequest Sent
2024-03-14 11:40:01             SUCCESS             MOFSLOPENAPI.py             Post WebRequest Send Successfully
2024-03-14 11:40:02             SUCCESS             MOFSLOPENAPI.py             GetLtp request sent Successfully
2024-03-14 11:40:02             SUCCESS             MOFSLOPENAPI.py             Initilaize PlaceOrder request send
2024-03-14 11:40:02             SUCCESS             MOFSLOPENAPI.py             Initilize Post WebRequest Sent
2024-03-14 11:40:02             SUCCESS             MOFSLOPENAPI.py             Post WebRequest Send Successfully
2024-03-14 11:40:02             SUCCESS             MOFSLOPENAPI.py             PlaceOrder request sent Successfully
2024-03-14 11:40:02             SUCCESS             MOFSLOPENAPI.py             Initilaize GetOrderDetailByUniqueorderID request send
2024-03-14 11:40:02             SUCCESS             MOFSLOPENAPI.py             Initilize Post WebRequest Sent
2024-03-14 11:40:03             SUCCESS             MOFSLOPENAPI.py             Post WebRequest Send Successfully
2024-03-14 11:40:03             SUCCESS             MOFSLOPENAPI.py             GetOrderDetailByUniqueorderID request sent Successfully
2024-03-14 11:40:08             SUCCESS             MOFSLOPENAPI.py             Initilaize GetOrderDetailByUniqueorderID request send
2024-03-14 11:40:08             SUCCESS             MOFSLOPENAPI.py             Initilize Post WebRequest Sent
2024-03-14 11:40:08             SUCCESS             MOFSLOPENAPI.py             Post WebRequest Send Successfully
2024-03-14 11:40:08             SUCCESS             MOFSLOPENAPI.py             GetOrderDetailByUniqueorderID request sent Successfully
2024-03-14 11:40:09             SUCCESS             MOFSLOPENAPI.py             Initilaize PlaceOrder request send
2024-03-14 11:40:09             SUCCESS             MOFSLOPENAPI.py             Initilize Post WebRequest Sent
2024-03-14 11:40:09             SUCCESS             MOFSLOPENAPI.py             Post WebRequest Send Successfully
2024-03-14 11:40:09             SUCCESS             MOFSLOPENAPI.py             PlaceOrder request sent Successfully
2024-03-14 11:40:09             SUCCESS             MOFSLOPENAPI.py             Initilaize GetOrderDetailByUniqueorderID request send
2024-03-14 11:40:09             SUCCESS             MOFSLOPENAPI.py             Initilize Post WebRequest Sent
2024-03-14 11:40:10             SUCCESS             MOFSLOPENAPI.py             Post WebRequest Send Successfully
2024-03-14 11:40:10             SUCCESS             MOFSLOPENAPI.py             GetOrderDetailByUniqueorderID request sent Successfully
2024-03-14 11:40:15             SUCCESS             MOFSLOPENAPI.py             Initilaize GetOrderDetailByUniqueorderID request send
2024-03-14 11:40:15             SUCCESS             MOFSLOPENAPI.py             Initilize Post WebRequest Sent
2024-03-14 11:40:16             SUCCESS             MOFSLOPENAPI.py             Post WebRequest Send Successfully
2024-03-14 11:40:16             SUCCESS             MOFSLOPENAPI.py             GetOrderDetailByUniqueorderID request sent Successfully
2024-03-14 11:51:56             SUCCESS             MOFSLOPENAPI.py             Initilize Constructor
2024-03-14 11:51:56             SUCCESS             MOFSLOPENAPI.py             GetManufacturerHP
2024-03-14 11:51:57             SUCCESS             MOFSLOPENAPI.py             Initilize Constructor Done
2024-03-14 11:51:57             SUCCESS             MOFSLOPENAPI.py             Initilize login request send
2024-03-14 11:51:57             SUCCESS             MOFSLOPENAPI.py             Initilize Post WebRequest Sent
2024-03-14 11:51:57             SUCCESS             MOFSLOPENAPI.py             Post WebRequest Send Successfully
2024-03-14 11:51:57             SUCCESS             MOFSLOPENAPI.py             Login sucessfully
2024-03-14 11:55:50             SUCCESS             MOFSLOPENAPI.py             Initilize Constructor
2024-03-14 11:55:51             SUCCESS             MOFSLOPENAPI.py             GetManufacturerHP
2024-03-14 11:55:51             SUCCESS             MOFSLOPENAPI.py             Initilize Constructor Done
2024-03-14 11:55:51             SUCCESS             MOFSLOPENAPI.py             Initilize login request send
2024-03-14 11:55:51             SUCCESS             MOFSLOPENAPI.py             Initilize Post WebRequest Sent
2024-03-14 11:55:51             SUCCESS             MOFSLOPENAPI.py             Post WebRequest Send Successfully
2024-03-14 11:55:51             SUCCESS             MOFSLOPENAPI.py             Login sucessfully
2024-03-14 12:00:00             SUCCESS             MOFSLOPENAPI.py             Initilaize GetLtp request send
2024-03-14 12:00:00             SUCCESS             MOFSLOPENAPI.py             Initilize Post WebRequest Sent
2024-03-14 12:00:01             SUCCESS             MOFSLOPENAPI.py             Post WebRequest Send Successfully
2024-03-14 12:00:01             SUCCESS             MOFSLOPENAPI.py             GetLtp request sent Successfully
2024-03-14 12:00:01             SUCCESS             MOFSLOPENAPI.py             Initilaize GetLtp request send
2024-03-14 12:00:01             SUCCESS             MOFSLOPENAPI.py             Initilize Post WebRequest Sent
2024-03-14 12:00:02             SUCCESS             MOFSLOPENAPI.py             Post WebRequest Send Successfully
2024-03-14 12:00:02             SUCCESS             MOFSLOPENAPI.py             GetLtp request sent Successfully
2024-03-14 12:00:02             SUCCESS             MOFSLOPENAPI.py             Initilaize PlaceOrder request send
2024-03-14 12:00:02             SUCCESS             MOFSLOPENAPI.py             Initilize Post WebRequest Sent
2024-03-14 12:00:02             SUCCESS             MOFSLOPENAPI.py             Post WebRequest Send Successfully
2024-03-14 12:00:02             SUCCESS             MOFSLOPENAPI.py             PlaceOrder request sent Successfully
2024-03-14 12:00:03             SUCCESS             MOFSLOPENAPI.py             Initilaize GetOrderDetailByUniqueorderID request send
2024-03-14 12:00:03             SUCCESS             MOFSLOPENAPI.py             Initilize Post WebRequest Sent
2024-03-14 12:00:03             SUCCESS             MOFSLOPENAPI.py             Post WebRequest Send Successfully
2024-03-14 12:00:03             SUCCESS             MOFSLOPENAPI.py             GetOrderDetailByUniqueorderID request sent Successfully
2024-03-14 12:00:08             SUCCESS             MOFSLOPENAPI.py             Initilaize GetOrderDetailByUniqueorderID request send
2024-03-14 12:00:08             SUCCESS             MOFSLOPENAPI.py             Initilize Post WebRequest Sent
2024-03-14 12:00:08             SUCCESS             MOFSLOPENAPI.py             Post WebRequest Send Successfully
2024-03-14 12:00:08             SUCCESS             MOFSLOPENAPI.py             GetOrderDetailByUniqueorderID request sent Successfully
2024-03-14 12:00:09             SUCCESS             MOFSLOPENAPI.py             Initilaize PlaceOrder request send
2024-03-14 12:00:09             SUCCESS             MOFSLOPENAPI.py             Initilize Post WebRequest Sent
2024-03-14 12:00:09             SUCCESS             MOFSLOPENAPI.py             Post WebRequest Send Successfully
2024-03-14 12:00:09             SUCCESS             MOFSLOPENAPI.py             PlaceOrder request sent Successfully
2024-03-14 12:00:09             SUCCESS             MOFSLOPENAPI.py             Initilaize GetOrderDetailByUniqueorderID request send
2024-03-14 12:00:09             SUCCESS             MOFSLOPENAPI.py             Initilize Post WebRequest Sent
2024-03-14 12:00:10             SUCCESS             MOFSLOPENAPI.py             Post WebRequest Send Successfully
2024-03-14 12:00:10             SUCCESS             MOFSLOPENAPI.py             GetOrderDetailByUniqueorderID request sent Successfully
2024-03-14 12:00:15             SUCCESS             MOFSLOPENAPI.py             Initilaize GetOrderDetailByUniqueorderID request send
2024-03-14 12:00:15             SUCCESS             MOFSLOPENAPI.py             Initilize Post WebRequest Sent
2024-03-14 12:00:15             SUCCESS             MOFSLOPENAPI.py             Post WebRequest Send Successfully
2024-03-14 12:00:15             SUCCESS             MOFSLOPENAPI.py             GetOrderDetailByUniqueorderID request sent Successfully
