2024-03-22 13:06:17             SUCCESS             MOFSLOPENAPI.py             Initilize Constructor
2024-03-22 13:06:17             SUCCESS             MOFSLOPENAPI.py             GetManufacturerHP
2024-03-22 13:06:18             SUCCESS             MOFSLOPENAPI.py             Initilize Constructor Done
2024-03-22 13:06:18             SUCCESS             MOFSLOPENAPI.py             Initilize login request send
2024-03-22 13:06:18             SUCCESS             MOFSLOPENAPI.py             Initilize Post WebRequest Sent
2024-03-22 13:06:19             SUCCESS             MOFSLOPENAPI.py             Post WebRequest Send Successfully
2024-03-22 13:06:19             SUCCESS             MOFSLOPENAPI.py             Login sucessfully
2024-03-22 13:10:18             SUCCESS             MOFSLOPENAPI.py             Initilaize GetOrderDetailByUniqueorderID request send
2024-03-22 13:10:18             SUCCESS             MOFSLOPENAPI.py             Initilize Post WebRequest Sent
2024-03-22 13:10:19             SUCCESS             MOFSLOPENAPI.py             Post WebRequest Send Successfully
2024-03-22 13:10:19             SUCCESS             MOFSLOPENAPI.py             GetOrderDetailByUniqueorderID request sent Successfully
2024-03-22 13:12:19             SUCCESS             MOFSLOPENAPI.py             Initilaize GetOrderDetailByUniqueorderID request send
2024-03-22 13:12:19             SUCCESS             MOFSLOPENAPI.py             Initilize Post WebRequest Sent
2024-03-22 13:12:20             SUCCESS             MOFSLOPENAPI.py             Post WebRequest Send Successfully
2024-03-22 13:12:20             SUCCESS             MOFSLOPENAPI.py             GetOrderDetailByUniqueorderID request sent Successfully
2024-03-22 13:13:02             SUCCESS             MOFSLOPENAPI.py             Initilaize GetOrderDetailByUniqueorderID request send
2024-03-22 13:13:02             SUCCESS             MOFSLOPENAPI.py             Initilize Post WebRequest Sent
2024-03-22 13:13:02             SUCCESS             MOFSLOPENAPI.py             Post WebRequest Send Successfully
2024-03-22 13:13:02             SUCCESS             MOFSLOPENAPI.py             GetOrderDetailByUniqueorderID request sent Successfully
2024-03-22 13:13:40             SUCCESS             MOFSLOPENAPI.py             Initilaize GetOrderDetailByUniqueorderID request send
2024-03-22 13:13:40             SUCCESS             MOFSLOPENAPI.py             Initilize Post WebRequest Sent
2024-03-22 13:13:42             SUCCESS             MOFSLOPENAPI.py             Post WebRequest Send Successfully
2024-03-22 13:13:42             SUCCESS             MOFSLOPENAPI.py             GetOrderDetailByUniqueorderID request sent Successfully
2024-03-22 13:17:45             SUCCESS             MOFSLOPENAPI.py             Initilaize GetOrderDetailByUniqueorderID request send
2024-03-22 13:17:45             SUCCESS             MOFSLOPENAPI.py             Initilize Post WebRequest Sent
2024-03-22 13:17:47             SUCCESS             MOFSLOPENAPI.py             Post WebRequest Send Successfully
2024-03-22 13:17:47             SUCCESS             MOFSLOPENAPI.py             GetOrderDetailByUniqueorderID request sent Successfully
2024-03-22 13:20:21             SUCCESS             MOFSLOPENAPI.py             Initilaize GetOrderBook request send
2024-03-22 13:20:21             SUCCESS             MOFSLOPENAPI.py             Initilize Post WebRequest Sent
2024-03-22 13:20:23             SUCCESS             MOFSLOPENAPI.py             Post WebRequest Send Successfully
2024-03-22 13:20:23             SUCCESS             MOFSLOPENAPI.py             GetOrderBook request sent Successfully
2024-03-22 14:02:16             SUCCESS             MOFSLOPENAPI.py             Initilize Constructor
2024-03-22 14:02:17             SUCCESS             MOFSLOPENAPI.py             GetManufacturerHP
2024-03-22 14:02:17             SUCCESS             MOFSLOPENAPI.py             Initilize Constructor Done
2024-03-22 14:02:17             SUCCESS             MOFSLOPENAPI.py             Initilize login request send
2024-03-22 14:02:17             SUCCESS             MOFSLOPENAPI.py             Initilize Post WebRequest Sent
2024-03-22 14:02:19             SUCCESS             MOFSLOPENAPI.py             Post WebRequest Send Successfully
2024-03-22 14:02:19             SUCCESS             MOFSLOPENAPI.py             Login sucessfully
2024-03-22 14:02:30             SUCCESS             MOFSLOPENAPI.py             Initilaize GetOrderDetailByUniqueorderID request send
2024-03-22 14:02:30             SUCCESS             MOFSLOPENAPI.py             Initilize Post WebRequest Sent
2024-03-22 14:02:30             SUCCESS             MOFSLOPENAPI.py             Post WebRequest Send Successfully
2024-03-22 14:02:30             SUCCESS             MOFSLOPENAPI.py             GetOrderDetailByUniqueorderID request sent Successfully
2024-03-22 14:04:39             SUCCESS             MOFSLOPENAPI.py             Initilize Constructor
2024-03-22 14:04:42             SUCCESS             MOFSLOPENAPI.py             GetManufacturerHP
2024-03-22 14:04:42             SUCCESS             MOFSLOPENAPI.py             Initilize Constructor Done
2024-03-22 14:04:42             SUCCESS             MOFSLOPENAPI.py             Initilize login request send
2024-03-22 14:04:42             SUCCESS             MOFSLOPENAPI.py             Initilize Post WebRequest Sent
2024-03-22 14:04:43             SUCCESS             MOFSLOPENAPI.py             Post WebRequest Send Successfully
2024-03-22 14:04:43             SUCCESS             MOFSLOPENAPI.py             Login sucessfully
2024-03-22 14:06:23             SUCCESS             MOFSLOPENAPI.py             Initilize Constructor
2024-03-22 14:06:24             SUCCESS             MOFSLOPENAPI.py             GetManufacturerHP
2024-03-22 14:06:24             SUCCESS             MOFSLOPENAPI.py             Initilize Constructor Done
2024-03-22 14:06:24             SUCCESS             MOFSLOPENAPI.py             Initilize login request send
2024-03-22 14:06:24             SUCCESS             MOFSLOPENAPI.py             Initilize Post WebRequest Sent
2024-03-22 14:06:25             SUCCESS             MOFSLOPENAPI.py             Post WebRequest Send Successfully
2024-03-22 14:06:25             SUCCESS             MOFSLOPENAPI.py             Login sucessfully
2024-03-22 14:10:00             SUCCESS             MOFSLOPENAPI.py             Initilaize GetLtp request send
2024-03-22 14:10:00             SUCCESS             MOFSLOPENAPI.py             Initilize Post WebRequest Sent
2024-03-22 14:10:01             SUCCESS             MOFSLOPENAPI.py             Post WebRequest Send Successfully
2024-03-22 14:10:01             SUCCESS             MOFSLOPENAPI.py             GetLtp request sent Successfully
2024-03-22 14:10:01             SUCCESS             MOFSLOPENAPI.py             Initilaize GetLtp request send
2024-03-22 14:10:01             SUCCESS             MOFSLOPENAPI.py             Initilize Post WebRequest Sent
2024-03-22 14:10:01             SUCCESS             MOFSLOPENAPI.py             Post WebRequest Send Successfully
2024-03-22 14:10:01             SUCCESS             MOFSLOPENAPI.py             GetLtp request sent Successfully
2024-03-22 14:10:01             SUCCESS             MOFSLOPENAPI.py             Initilaize PlaceOrder request send
2024-03-22 14:10:01             SUCCESS             MOFSLOPENAPI.py             Initilize Post WebRequest Sent
2024-03-22 14:10:02             SUCCESS             MOFSLOPENAPI.py             Post WebRequest Send Successfully
2024-03-22 14:10:02             SUCCESS             MOFSLOPENAPI.py             PlaceOrder request sent Successfully
2024-03-22 14:10:02             SUCCESS             MOFSLOPENAPI.py             Initilaize GetOrderDetailByUniqueorderID request send
2024-03-22 14:10:02             SUCCESS             MOFSLOPENAPI.py             Initilize Post WebRequest Sent
2024-03-22 14:10:02             SUCCESS             MOFSLOPENAPI.py             Post WebRequest Send Successfully
2024-03-22 14:10:02             SUCCESS             MOFSLOPENAPI.py             GetOrderDetailByUniqueorderID request sent Successfully
2024-03-22 14:10:08             SUCCESS             MOFSLOPENAPI.py             Initilaize GetOrderDetailByUniqueorderID request send
2024-03-22 14:10:08             SUCCESS             MOFSLOPENAPI.py             Initilize Post WebRequest Sent
2024-03-22 14:10:08             SUCCESS             MOFSLOPENAPI.py             Post WebRequest Send Successfully
2024-03-22 14:10:08             SUCCESS             MOFSLOPENAPI.py             GetOrderDetailByUniqueorderID request sent Successfully
2024-03-22 14:13:46             SUCCESS             MOFSLOPENAPI.py             Initilize Constructor
2024-03-22 14:13:47             SUCCESS             MOFSLOPENAPI.py             GetManufacturerHP
2024-03-22 14:13:48             SUCCESS             MOFSLOPENAPI.py             Initilize Constructor Done
2024-03-22 14:13:48             SUCCESS             MOFSLOPENAPI.py             Initilize login request send
2024-03-22 14:13:48             SUCCESS             MOFSLOPENAPI.py             Initilize Post WebRequest Sent
2024-03-22 14:13:50             SUCCESS             MOFSLOPENAPI.py             Post WebRequest Send Successfully
2024-03-22 14:13:50             SUCCESS             MOFSLOPENAPI.py             Login sucessfully
2024-03-22 14:15:00             SUCCESS             MOFSLOPENAPI.py             Initilaize GetLtp request send
2024-03-22 14:15:00             SUCCESS             MOFSLOPENAPI.py             Initilize Post WebRequest Sent
2024-03-22 14:15:01             SUCCESS             MOFSLOPENAPI.py             Post WebRequest Send Successfully
2024-03-22 14:15:01             SUCCESS             MOFSLOPENAPI.py             GetLtp request sent Successfully
2024-03-22 14:15:01             SUCCESS             MOFSLOPENAPI.py             Initilaize GetLtp request send
2024-03-22 14:15:01             SUCCESS             MOFSLOPENAPI.py             Initilize Post WebRequest Sent
2024-03-22 14:15:02             SUCCESS             MOFSLOPENAPI.py             Post WebRequest Send Successfully
2024-03-22 14:15:02             SUCCESS             MOFSLOPENAPI.py             GetLtp request sent Successfully
2024-03-22 14:15:02             SUCCESS             MOFSLOPENAPI.py             Initilaize PlaceOrder request send
2024-03-22 14:15:02             SUCCESS             MOFSLOPENAPI.py             Initilize Post WebRequest Sent
2024-03-22 14:15:03             SUCCESS             MOFSLOPENAPI.py             Post WebRequest Send Successfully
2024-03-22 14:15:03             SUCCESS             MOFSLOPENAPI.py             PlaceOrder request sent Successfully
2024-03-22 14:15:03             SUCCESS             MOFSLOPENAPI.py             Initilaize GetOrderDetailByUniqueorderID request send
2024-03-22 14:15:03             SUCCESS             MOFSLOPENAPI.py             Initilize Post WebRequest Sent
2024-03-22 14:15:03             SUCCESS             MOFSLOPENAPI.py             Post WebRequest Send Successfully
2024-03-22 14:15:03             SUCCESS             MOFSLOPENAPI.py             GetOrderDetailByUniqueorderID request sent Successfully
2024-03-22 14:15:08             SUCCESS             MOFSLOPENAPI.py             Initilaize GetOrderDetailByUniqueorderID request send
2024-03-22 14:15:08             SUCCESS             MOFSLOPENAPI.py             Initilize Post WebRequest Sent
2024-03-22 14:15:11             SUCCESS             MOFSLOPENAPI.py             Post WebRequest Send Successfully
2024-03-22 14:15:11             SUCCESS             MOFSLOPENAPI.py             GetOrderDetailByUniqueorderID request sent Successfully
2024-03-22 14:15:11             SUCCESS             MOFSLOPENAPI.py             Initilaize PlaceOrder request send
2024-03-22 14:15:11             SUCCESS             MOFSLOPENAPI.py             Initilize Post WebRequest Sent
2024-03-22 14:15:11             SUCCESS             MOFSLOPENAPI.py             Post WebRequest Send Successfully
2024-03-22 14:15:11             SUCCESS             MOFSLOPENAPI.py             PlaceOrder request sent Successfully
2024-03-22 14:15:12             SUCCESS             MOFSLOPENAPI.py             Initilaize GetOrderDetailByUniqueorderID request send
2024-03-22 14:15:12             SUCCESS             MOFSLOPENAPI.py             Initilize Post WebRequest Sent
2024-03-22 14:15:12             SUCCESS             MOFSLOPENAPI.py             Post WebRequest Send Successfully
2024-03-22 14:15:12             SUCCESS             MOFSLOPENAPI.py             GetOrderDetailByUniqueorderID request sent Successfully
2024-03-22 14:15:17             SUCCESS             MOFSLOPENAPI.py             Initilaize GetOrderDetailByUniqueorderID request send
2024-03-22 14:15:17             SUCCESS             MOFSLOPENAPI.py             Initilize Post WebRequest Sent
2024-03-22 14:15:18             SUCCESS             MOFSLOPENAPI.py             Post WebRequest Send Successfully
2024-03-22 14:15:18             SUCCESS             MOFSLOPENAPI.py             GetOrderDetailByUniqueorderID request sent Successfully
2024-03-22 14:15:18             SUCCESS             MOFSLOPENAPI.py             Initilaize PlaceOrder request send
2024-03-22 14:15:18             SUCCESS             MOFSLOPENAPI.py             Initilize Post WebRequest Sent
2024-03-22 14:15:18             SUCCESS             MOFSLOPENAPI.py             Post WebRequest Send Successfully
2024-03-22 14:15:18             SUCCESS             MOFSLOPENAPI.py             PlaceOrder request sent Successfully
2024-03-22 14:15:20             SUCCESS             MOFSLOPENAPI.py             Initilaize PlaceOrder request send
2024-03-22 14:15:20             SUCCESS             MOFSLOPENAPI.py             Initilize Post WebRequest Sent
2024-03-22 14:15:21             SUCCESS             MOFSLOPENAPI.py             Post WebRequest Send Successfully
2024-03-22 14:15:21             SUCCESS             MOFSLOPENAPI.py             PlaceOrder request sent Successfully
2024-03-22 14:15:23             SUCCESS             MOFSLOPENAPI.py             Initilaize PlaceOrder request send
2024-03-22 14:15:23             SUCCESS             MOFSLOPENAPI.py             Initilize Post WebRequest Sent
2024-03-22 14:15:23             SUCCESS             MOFSLOPENAPI.py             Post WebRequest Send Successfully
2024-03-22 14:15:23             SUCCESS             MOFSLOPENAPI.py             PlaceOrder request sent Successfully
2024-03-22 14:15:25             SUCCESS             MOFSLOPENAPI.py             Initilaize PlaceOrder request send
2024-03-22 14:15:25             SUCCESS             MOFSLOPENAPI.py             Initilize Post WebRequest Sent
2024-03-22 14:15:26             SUCCESS             MOFSLOPENAPI.py             Post WebRequest Send Successfully
2024-03-22 14:15:26             SUCCESS             MOFSLOPENAPI.py             PlaceOrder request sent Successfully
2024-03-22 14:15:28             SUCCESS             MOFSLOPENAPI.py             Initilaize PlaceOrder request send
2024-03-22 14:15:28             SUCCESS             MOFSLOPENAPI.py             Initilize Post WebRequest Sent
2024-03-22 14:15:29             SUCCESS             MOFSLOPENAPI.py             Post WebRequest Send Successfully
2024-03-22 14:15:29             SUCCESS             MOFSLOPENAPI.py             PlaceOrder request sent Successfully
2024-03-22 14:15:31             SUCCESS             MOFSLOPENAPI.py             Initilaize PlaceOrder request send
2024-03-22 14:15:31             SUCCESS             MOFSLOPENAPI.py             Initilize Post WebRequest Sent
2024-03-22 14:15:31             SUCCESS             MOFSLOPENAPI.py             Post WebRequest Send Successfully
2024-03-22 14:15:31             SUCCESS             MOFSLOPENAPI.py             PlaceOrder request sent Successfully
2024-03-22 14:15:34             SUCCESS             MOFSLOPENAPI.py             Initilaize PlaceOrder request send
2024-03-22 14:15:34             SUCCESS             MOFSLOPENAPI.py             Initilize Post WebRequest Sent
2024-03-22 14:15:34             SUCCESS             MOFSLOPENAPI.py             Post WebRequest Send Successfully
2024-03-22 14:15:34             SUCCESS             MOFSLOPENAPI.py             PlaceOrder request sent Successfully
2024-03-22 14:15:36             SUCCESS             MOFSLOPENAPI.py             Initilaize PlaceOrder request send
2024-03-22 14:15:36             SUCCESS             MOFSLOPENAPI.py             Initilize Post WebRequest Sent
2024-03-22 14:18:41             SUCCESS             MOFSLOPENAPI.py             Initilize Constructor
2024-03-22 14:18:42             SUCCESS             MOFSLOPENAPI.py             GetManufacturerHP
2024-03-22 14:18:42             SUCCESS             MOFSLOPENAPI.py             Initilize Constructor Done
2024-03-22 14:18:42             SUCCESS             MOFSLOPENAPI.py             Initilize login request send
2024-03-22 14:18:42             SUCCESS             MOFSLOPENAPI.py             Initilize Post WebRequest Sent
2024-03-22 14:18:44             SUCCESS             MOFSLOPENAPI.py             Post WebRequest Send Successfully
2024-03-22 14:18:44             SUCCESS             MOFSLOPENAPI.py             Login sucessfully
2024-03-22 14:19:15             SUCCESS             MOFSLOPENAPI.py             Initilize Constructor
2024-03-22 14:19:16             SUCCESS             MOFSLOPENAPI.py             GetManufacturerHP
2024-03-22 14:19:16             SUCCESS             MOFSLOPENAPI.py             Initilize Constructor Done
2024-03-22 14:19:16             SUCCESS             MOFSLOPENAPI.py             Initilize login request send
2024-03-22 14:19:17             SUCCESS             MOFSLOPENAPI.py             Initilize Post WebRequest Sent
2024-03-22 14:19:19             SUCCESS             MOFSLOPENAPI.py             Post WebRequest Send Successfully
2024-03-22 14:19:19             SUCCESS             MOFSLOPENAPI.py             Login sucessfully
2024-03-22 14:20:00             SUCCESS             MOFSLOPENAPI.py             Initilaize GetLtp request send
2024-03-22 14:20:00             SUCCESS             MOFSLOPENAPI.py             Initilize Post WebRequest Sent
2024-03-22 14:20:03             SUCCESS             MOFSLOPENAPI.py             Post WebRequest Send Successfully
2024-03-22 14:20:03             SUCCESS             MOFSLOPENAPI.py             GetLtp request sent Successfully
2024-03-22 14:20:03             SUCCESS             MOFSLOPENAPI.py             Initilaize GetLtp request send
2024-03-22 14:20:03             SUCCESS             MOFSLOPENAPI.py             Initilize Post WebRequest Sent
2024-03-22 14:20:03             SUCCESS             MOFSLOPENAPI.py             Post WebRequest Send Successfully
2024-03-22 14:20:03             SUCCESS             MOFSLOPENAPI.py             GetLtp request sent Successfully
2024-03-22 14:20:04             SUCCESS             MOFSLOPENAPI.py             Initilaize PlaceOrder request send
2024-03-22 14:20:04             SUCCESS             MOFSLOPENAPI.py             Initilize Post WebRequest Sent
2024-03-22 14:20:04             SUCCESS             MOFSLOPENAPI.py             Post WebRequest Send Successfully
2024-03-22 14:20:04             SUCCESS             MOFSLOPENAPI.py             PlaceOrder request sent Successfully
2024-03-22 14:20:04             SUCCESS             MOFSLOPENAPI.py             Initilaize GetOrderDetailByUniqueorderID request send
2024-03-22 14:20:04             SUCCESS             MOFSLOPENAPI.py             Initilize Post WebRequest Sent
2024-03-22 14:20:04             SUCCESS             MOFSLOPENAPI.py             Post WebRequest Send Successfully
2024-03-22 14:20:05             SUCCESS             MOFSLOPENAPI.py             GetOrderDetailByUniqueorderID request sent Successfully
2024-03-22 14:20:05             SUCCESS             MOFSLOPENAPI.py             Initilaize PlaceOrder request send
2024-03-22 14:20:05             SUCCESS             MOFSLOPENAPI.py             Initilize Post WebRequest Sent
2024-03-22 14:20:05             SUCCESS             MOFSLOPENAPI.py             Post WebRequest Send Successfully
2024-03-22 14:20:05             SUCCESS             MOFSLOPENAPI.py             PlaceOrder request sent Successfully
2024-03-22 14:20:05             SUCCESS             MOFSLOPENAPI.py             Initilaize GetOrderDetailByUniqueorderID request send
2024-03-22 14:20:05             SUCCESS             MOFSLOPENAPI.py             Initilize Post WebRequest Sent
2024-03-22 14:20:06             SUCCESS             MOFSLOPENAPI.py             Post WebRequest Send Successfully
2024-03-22 14:20:06             SUCCESS             MOFSLOPENAPI.py             GetOrderDetailByUniqueorderID request sent Successfully
2024-03-22 14:20:11             SUCCESS             MOFSLOPENAPI.py             Initilaize GetOrderDetailByUniqueorderID request send
2024-03-22 14:20:11             SUCCESS             MOFSLOPENAPI.py             Initilize Post WebRequest Sent
2024-03-22 14:20:11             SUCCESS             MOFSLOPENAPI.py             Post WebRequest Send Successfully
2024-03-22 14:20:11             SUCCESS             MOFSLOPENAPI.py             GetOrderDetailByUniqueorderID request sent Successfully
2024-03-22 14:20:11             SUCCESS             MOFSLOPENAPI.py             Initilaize PlaceOrder request send
2024-03-22 14:20:11             SUCCESS             MOFSLOPENAPI.py             Initilize Post WebRequest Sent
2024-03-22 14:20:12             SUCCESS             MOFSLOPENAPI.py             Post WebRequest Send Successfully
2024-03-22 14:20:12             SUCCESS             MOFSLOPENAPI.py             PlaceOrder request sent Successfully
2024-03-22 14:20:14             SUCCESS             MOFSLOPENAPI.py             Initilaize PlaceOrder request send
2024-03-22 14:20:14             SUCCESS             MOFSLOPENAPI.py             Initilize Post WebRequest Sent
2024-03-22 14:20:14             SUCCESS             MOFSLOPENAPI.py             Post WebRequest Send Successfully
2024-03-22 14:20:14             SUCCESS             MOFSLOPENAPI.py             PlaceOrder request sent Successfully
2024-03-22 14:20:16             SUCCESS             MOFSLOPENAPI.py             Initilaize PlaceOrder request send
2024-03-22 14:20:16             SUCCESS             MOFSLOPENAPI.py             Initilize Post WebRequest Sent
2024-03-22 14:20:17             SUCCESS             MOFSLOPENAPI.py             Post WebRequest Send Successfully
2024-03-22 14:20:17             SUCCESS             MOFSLOPENAPI.py             PlaceOrder request sent Successfully
2024-03-22 14:20:19             SUCCESS             MOFSLOPENAPI.py             Initilaize PlaceOrder request send
2024-03-22 14:20:19             SUCCESS             MOFSLOPENAPI.py             Initilize Post WebRequest Sent
2024-03-22 14:20:19             SUCCESS             MOFSLOPENAPI.py             Post WebRequest Send Successfully
2024-03-22 14:20:19             SUCCESS             MOFSLOPENAPI.py             PlaceOrder request sent Successfully
2024-03-22 14:20:21             SUCCESS             MOFSLOPENAPI.py             Initilaize PlaceOrder request send
2024-03-22 14:20:21             SUCCESS             MOFSLOPENAPI.py             Initilize Post WebRequest Sent
2024-03-22 14:20:22             SUCCESS             MOFSLOPENAPI.py             Post WebRequest Send Successfully
2024-03-22 14:20:22             SUCCESS             MOFSLOPENAPI.py             PlaceOrder request sent Successfully
2024-03-22 14:20:24             SUCCESS             MOFSLOPENAPI.py             Initilaize PlaceOrder request send
2024-03-22 14:20:24             SUCCESS             MOFSLOPENAPI.py             Initilize Post WebRequest Sent
2024-03-22 14:20:24             SUCCESS             MOFSLOPENAPI.py             Post WebRequest Send Successfully
2024-03-22 14:20:24             SUCCESS             MOFSLOPENAPI.py             PlaceOrder request sent Successfully
2024-03-22 14:20:26             SUCCESS             MOFSLOPENAPI.py             Initilaize PlaceOrder request send
2024-03-22 14:20:26             SUCCESS             MOFSLOPENAPI.py             Initilize Post WebRequest Sent
2024-03-22 14:20:27             SUCCESS             MOFSLOPENAPI.py             Post WebRequest Send Successfully
2024-03-22 14:20:27             SUCCESS             MOFSLOPENAPI.py             PlaceOrder request sent Successfully
2024-03-22 14:20:30             SUCCESS             MOFSLOPENAPI.py             Initilaize PlaceOrder request send
2024-03-22 14:20:30             SUCCESS             MOFSLOPENAPI.py             Initilize Post WebRequest Sent
2024-03-22 14:20:30             SUCCESS             MOFSLOPENAPI.py             Post WebRequest Send Successfully
2024-03-22 14:20:30             SUCCESS             MOFSLOPENAPI.py             PlaceOrder request sent Successfully
2024-03-22 14:20:32             SUCCESS             MOFSLOPENAPI.py             Initilaize PlaceOrder request send
2024-03-22 14:20:32             SUCCESS             MOFSLOPENAPI.py             Initilize Post WebRequest Sent
2024-03-22 14:20:32             SUCCESS             MOFSLOPENAPI.py             Post WebRequest Send Successfully
2024-03-22 14:20:32             SUCCESS             MOFSLOPENAPI.py             PlaceOrder request sent Successfully
2024-03-22 14:20:35             SUCCESS             MOFSLOPENAPI.py             Initilaize PlaceOrder request send
2024-03-22 14:20:35             SUCCESS             MOFSLOPENAPI.py             Initilize Post WebRequest Sent
2024-03-22 14:20:35             SUCCESS             MOFSLOPENAPI.py             Post WebRequest Send Successfully
2024-03-22 14:20:35             SUCCESS             MOFSLOPENAPI.py             PlaceOrder request sent Successfully
2024-03-22 14:20:37             SUCCESS             MOFSLOPENAPI.py             Initilaize PlaceOrder request send
2024-03-22 14:20:37             SUCCESS             MOFSLOPENAPI.py             Initilize Post WebRequest Sent
2024-03-22 14:20:37             SUCCESS             MOFSLOPENAPI.py             Post WebRequest Send Successfully
2024-03-22 14:20:37             SUCCESS             MOFSLOPENAPI.py             PlaceOrder request sent Successfully
2024-03-22 14:20:40             SUCCESS             MOFSLOPENAPI.py             Initilaize PlaceOrder request send
2024-03-22 14:20:40             SUCCESS             MOFSLOPENAPI.py             Initilize Post WebRequest Sent
2024-03-22 14:20:40             SUCCESS             MOFSLOPENAPI.py             Post WebRequest Send Successfully
2024-03-22 14:20:40             SUCCESS             MOFSLOPENAPI.py             PlaceOrder request sent Successfully
2024-03-22 14:20:42             SUCCESS             MOFSLOPENAPI.py             Initilaize PlaceOrder request send
2024-03-22 14:20:42             SUCCESS             MOFSLOPENAPI.py             Initilize Post WebRequest Sent
2024-03-22 14:20:42             SUCCESS             MOFSLOPENAPI.py             Post WebRequest Send Successfully
2024-03-22 14:20:42             SUCCESS             MOFSLOPENAPI.py             PlaceOrder request sent Successfully
2024-03-22 14:20:45             SUCCESS             MOFSLOPENAPI.py             Initilaize PlaceOrder request send
2024-03-22 14:20:45             SUCCESS             MOFSLOPENAPI.py             Initilize Post WebRequest Sent
2024-03-22 14:20:45             SUCCESS             MOFSLOPENAPI.py             Post WebRequest Send Successfully
2024-03-22 14:20:45             SUCCESS             MOFSLOPENAPI.py             PlaceOrder request sent Successfully
2024-03-22 14:20:47             SUCCESS             MOFSLOPENAPI.py             Initilaize PlaceOrder request send
2024-03-22 14:20:47             SUCCESS             MOFSLOPENAPI.py             Initilize Post WebRequest Sent
2024-03-22 14:20:47             SUCCESS             MOFSLOPENAPI.py             Post WebRequest Send Successfully
2024-03-22 14:20:47             SUCCESS             MOFSLOPENAPI.py             PlaceOrder request sent Successfully
2024-03-22 14:20:50             SUCCESS             MOFSLOPENAPI.py             Initilaize PlaceOrder request send
2024-03-22 14:20:50             SUCCESS             MOFSLOPENAPI.py             Initilize Post WebRequest Sent
2024-03-22 14:20:50             SUCCESS             MOFSLOPENAPI.py             Post WebRequest Send Successfully
2024-03-22 14:20:50             SUCCESS             MOFSLOPENAPI.py             PlaceOrder request sent Successfully
2024-03-22 14:20:52             SUCCESS             MOFSLOPENAPI.py             Initilaize PlaceOrder request send
2024-03-22 14:20:52             SUCCESS             MOFSLOPENAPI.py             Initilize Post WebRequest Sent
2024-03-22 14:20:55             SUCCESS             MOFSLOPENAPI.py             Post WebRequest Send Successfully
2024-03-22 14:20:55             SUCCESS             MOFSLOPENAPI.py             PlaceOrder request sent Successfully
2024-03-22 14:20:58             SUCCESS             MOFSLOPENAPI.py             Initilaize PlaceOrder request send
2024-03-22 14:20:58             SUCCESS             MOFSLOPENAPI.py             Initilize Post WebRequest Sent
2024-03-22 14:20:58             SUCCESS             MOFSLOPENAPI.py             Post WebRequest Send Successfully
2024-03-22 14:20:58             SUCCESS             MOFSLOPENAPI.py             PlaceOrder request sent Successfully
2024-03-22 14:21:00             SUCCESS             MOFSLOPENAPI.py             Initilaize PlaceOrder request send
2024-03-22 14:21:00             SUCCESS             MOFSLOPENAPI.py             Initilize Post WebRequest Sent
2024-03-22 14:21:00             SUCCESS             MOFSLOPENAPI.py             Post WebRequest Send Successfully
2024-03-22 14:21:00             SUCCESS             MOFSLOPENAPI.py             PlaceOrder request sent Successfully
2024-03-22 14:21:03             SUCCESS             MOFSLOPENAPI.py             Initilaize PlaceOrder request send
2024-03-22 14:21:03             SUCCESS             MOFSLOPENAPI.py             Initilize Post WebRequest Sent
2024-03-22 14:21:03             SUCCESS             MOFSLOPENAPI.py             Post WebRequest Send Successfully
2024-03-22 14:21:03             SUCCESS             MOFSLOPENAPI.py             PlaceOrder request sent Successfully
2024-03-22 14:27:09             SUCCESS             MOFSLOPENAPI.py             Initilize Constructor
2024-03-22 14:27:10             SUCCESS             MOFSLOPENAPI.py             GetManufacturerHP
2024-03-22 14:27:10             SUCCESS             MOFSLOPENAPI.py             Initilize Constructor Done
2024-03-22 14:27:10             SUCCESS             MOFSLOPENAPI.py             Initilize login request send
2024-03-22 14:27:10             SUCCESS             MOFSLOPENAPI.py             Initilize Post WebRequest Sent
2024-03-22 14:27:12             SUCCESS             MOFSLOPENAPI.py             Post WebRequest Send Successfully
2024-03-22 14:27:12             SUCCESS             MOFSLOPENAPI.py             Login sucessfully
2024-03-22 14:29:33             SUCCESS             MOFSLOPENAPI.py             Initilize Constructor
2024-03-22 14:29:41             SUCCESS             MOFSLOPENAPI.py             GetManufacturerHP
2024-03-22 14:29:41             SUCCESS             MOFSLOPENAPI.py             Initilize Constructor Done
2024-03-22 14:29:41             SUCCESS             MOFSLOPENAPI.py             Initilize login request send
2024-03-22 14:29:41             SUCCESS             MOFSLOPENAPI.py             Initilize Post WebRequest Sent
2024-03-22 14:29:44             SUCCESS             MOFSLOPENAPI.py             Post WebRequest Send Successfully
2024-03-22 14:29:44             SUCCESS             MOFSLOPENAPI.py             Login sucessfully
2024-03-22 14:30:01             SUCCESS             MOFSLOPENAPI.py             Initilaize GetLtp request send
2024-03-22 14:30:01             SUCCESS             MOFSLOPENAPI.py             Initilize Post WebRequest Sent
2024-03-22 14:30:02             SUCCESS             MOFSLOPENAPI.py             Post WebRequest Send Successfully
2024-03-22 14:30:03             SUCCESS             MOFSLOPENAPI.py             GetLtp request sent Successfully
2024-03-22 14:30:03             SUCCESS             MOFSLOPENAPI.py             Initilaize GetLtp request send
2024-03-22 14:30:03             SUCCESS             MOFSLOPENAPI.py             Initilize Post WebRequest Sent
2024-03-22 14:30:03             SUCCESS             MOFSLOPENAPI.py             Post WebRequest Send Successfully
2024-03-22 14:30:03             SUCCESS             MOFSLOPENAPI.py             GetLtp request sent Successfully
2024-03-22 14:30:03             SUCCESS             MOFSLOPENAPI.py             Initilaize PlaceOrder request send
2024-03-22 14:30:03             SUCCESS             MOFSLOPENAPI.py             Initilize Post WebRequest Sent
2024-03-22 14:30:04             SUCCESS             MOFSLOPENAPI.py             Post WebRequest Send Successfully
2024-03-22 14:30:04             SUCCESS             MOFSLOPENAPI.py             PlaceOrder request sent Successfully
2024-03-22 14:30:04             SUCCESS             MOFSLOPENAPI.py             Initilaize GetOrderDetailByUniqueorderID request send
2024-03-22 14:30:04             SUCCESS             MOFSLOPENAPI.py             Initilize Post WebRequest Sent
2024-03-22 14:30:04             SUCCESS             MOFSLOPENAPI.py             Post WebRequest Send Successfully
2024-03-22 14:30:04             SUCCESS             MOFSLOPENAPI.py             GetOrderDetailByUniqueorderID request sent Successfully
2024-03-22 14:30:09             SUCCESS             MOFSLOPENAPI.py             Initilaize GetOrderDetailByUniqueorderID request send
2024-03-22 14:30:09             SUCCESS             MOFSLOPENAPI.py             Initilize Post WebRequest Sent
2024-03-22 14:30:10             SUCCESS             MOFSLOPENAPI.py             Post WebRequest Send Successfully
2024-03-22 14:30:10             SUCCESS             MOFSLOPENAPI.py             GetOrderDetailByUniqueorderID request sent Successfully
2024-03-22 14:30:10             SUCCESS             MOFSLOPENAPI.py             Initilaize PlaceOrder request send
2024-03-22 14:30:10             SUCCESS             MOFSLOPENAPI.py             Initilize Post WebRequest Sent
2024-03-22 14:30:10             SUCCESS             MOFSLOPENAPI.py             Post WebRequest Send Successfully
2024-03-22 14:30:10             SUCCESS             MOFSLOPENAPI.py             PlaceOrder request sent Successfully
2024-03-22 14:30:11             SUCCESS             MOFSLOPENAPI.py             Initilaize GetOrderDetailByUniqueorderID request send
2024-03-22 14:30:11             SUCCESS             MOFSLOPENAPI.py             Initilize Post WebRequest Sent
2024-03-22 14:30:11             SUCCESS             MOFSLOPENAPI.py             Post WebRequest Send Successfully
2024-03-22 14:30:11             SUCCESS             MOFSLOPENAPI.py             GetOrderDetailByUniqueorderID request sent Successfully
2024-03-22 14:30:16             SUCCESS             MOFSLOPENAPI.py             Initilaize GetOrderDetailByUniqueorderID request send
2024-03-22 14:30:16             SUCCESS             MOFSLOPENAPI.py             Initilize Post WebRequest Sent
2024-03-22 14:30:16             SUCCESS             MOFSLOPENAPI.py             Post WebRequest Send Successfully
2024-03-22 14:30:16             SUCCESS             MOFSLOPENAPI.py             GetOrderDetailByUniqueorderID request sent Successfully
2024-03-22 14:30:17             SUCCESS             MOFSLOPENAPI.py             Initilaize PlaceOrder request send
2024-03-22 14:30:17             SUCCESS             MOFSLOPENAPI.py             Initilize Post WebRequest Sent
2024-03-22 14:30:17             SUCCESS             MOFSLOPENAPI.py             Post WebRequest Send Successfully
2024-03-22 14:30:17             SUCCESS             MOFSLOPENAPI.py             PlaceOrder request sent Successfully
2024-03-22 14:30:19             SUCCESS             MOFSLOPENAPI.py             Initilaize PlaceOrder request send
2024-03-22 14:30:19             SUCCESS             MOFSLOPENAPI.py             Initilize Post WebRequest Sent
2024-03-22 14:30:19             SUCCESS             MOFSLOPENAPI.py             Post WebRequest Send Successfully
2024-03-22 14:30:19             SUCCESS             MOFSLOPENAPI.py             PlaceOrder request sent Successfully
2024-03-22 14:30:22             SUCCESS             MOFSLOPENAPI.py             Initilaize PlaceOrder request send
2024-03-22 14:30:22             SUCCESS             MOFSLOPENAPI.py             Initilize Post WebRequest Sent
2024-03-22 14:30:22             SUCCESS             MOFSLOPENAPI.py             Post WebRequest Send Successfully
2024-03-22 14:30:22             SUCCESS             MOFSLOPENAPI.py             PlaceOrder request sent Successfully
2024-03-22 14:30:24             SUCCESS             MOFSLOPENAPI.py             Initilaize PlaceOrder request send
2024-03-22 14:30:24             SUCCESS             MOFSLOPENAPI.py             Initilize Post WebRequest Sent
2024-03-22 14:30:24             SUCCESS             MOFSLOPENAPI.py             Post WebRequest Send Successfully
2024-03-22 14:30:24             SUCCESS             MOFSLOPENAPI.py             PlaceOrder request sent Successfully
2024-03-22 14:30:27             SUCCESS             MOFSLOPENAPI.py             Initilaize PlaceOrder request send
2024-03-22 14:30:27             SUCCESS             MOFSLOPENAPI.py             Initilize Post WebRequest Sent
2024-03-22 14:30:27             SUCCESS             MOFSLOPENAPI.py             Post WebRequest Send Successfully
2024-03-22 14:30:27             SUCCESS             MOFSLOPENAPI.py             PlaceOrder request sent Successfully
2024-03-22 14:30:29             SUCCESS             MOFSLOPENAPI.py             Initilaize PlaceOrder request send
2024-03-22 14:30:29             SUCCESS             MOFSLOPENAPI.py             Initilize Post WebRequest Sent
2024-03-22 14:30:29             SUCCESS             MOFSLOPENAPI.py             Post WebRequest Send Successfully
2024-03-22 14:30:29             SUCCESS             MOFSLOPENAPI.py             PlaceOrder request sent Successfully
2024-03-22 14:30:52             SUCCESS             MOFSLOPENAPI.py             Initilaize PlaceOrder request send
2024-03-22 14:30:52             SUCCESS             MOFSLOPENAPI.py             Initilize Post WebRequest Sent
2024-03-22 14:30:53             SUCCESS             MOFSLOPENAPI.py             Post WebRequest Send Successfully
2024-03-22 14:30:53             SUCCESS             MOFSLOPENAPI.py             PlaceOrder request sent Successfully
2024-03-22 14:30:55             SUCCESS             MOFSLOPENAPI.py             Initilaize PlaceOrder request send
2024-03-22 14:30:55             SUCCESS             MOFSLOPENAPI.py             Initilize Post WebRequest Sent
2024-03-22 14:30:56             SUCCESS             MOFSLOPENAPI.py             Post WebRequest Send Successfully
2024-03-22 14:30:56             SUCCESS             MOFSLOPENAPI.py             PlaceOrder request sent Successfully
2024-03-22 14:30:58             SUCCESS             MOFSLOPENAPI.py             Initilaize PlaceOrder request send
2024-03-22 14:30:58             SUCCESS             MOFSLOPENAPI.py             Initilize Post WebRequest Sent
2024-03-22 14:30:58             SUCCESS             MOFSLOPENAPI.py             Post WebRequest Send Successfully
2024-03-22 14:30:58             SUCCESS             MOFSLOPENAPI.py             PlaceOrder request sent Successfully
2024-03-22 14:31:00             SUCCESS             MOFSLOPENAPI.py             Initilaize PlaceOrder request send
2024-03-22 14:31:00             SUCCESS             MOFSLOPENAPI.py             Initilize Post WebRequest Sent
2024-03-22 14:31:01             SUCCESS             MOFSLOPENAPI.py             Post WebRequest Send Successfully
2024-03-22 14:31:01             SUCCESS             MOFSLOPENAPI.py             PlaceOrder request sent Successfully
2024-03-22 14:31:03             SUCCESS             MOFSLOPENAPI.py             Initilaize PlaceOrder request send
2024-03-22 14:31:03             SUCCESS             MOFSLOPENAPI.py             Initilize Post WebRequest Sent
2024-03-22 14:32:19             SUCCESS             MOFSLOPENAPI.py             Initilaize PlaceOrder request send
2024-03-22 14:32:19             SUCCESS             MOFSLOPENAPI.py             Initilize Post WebRequest Sent
2024-03-22 14:32:22             SUCCESS             MOFSLOPENAPI.py             Post WebRequest Send Successfully
2024-03-22 14:32:22             SUCCESS             MOFSLOPENAPI.py             PlaceOrder request sent Successfully
2024-03-22 14:33:48             SUCCESS             MOFSLOPENAPI.py             Initilaize PlaceOrder request send
2024-03-22 14:33:48             SUCCESS             MOFSLOPENAPI.py             Initilize Post WebRequest Sent
2024-03-22 14:33:51             SUCCESS             MOFSLOPENAPI.py             Post WebRequest Send Successfully
2024-03-22 14:33:51             SUCCESS             MOFSLOPENAPI.py             PlaceOrder request sent Successfully
2024-03-22 14:41:04             SUCCESS             MOFSLOPENAPI.py             Initilaize PlaceOrder request send
2024-03-22 14:41:04             SUCCESS             MOFSLOPENAPI.py             Initilize Post WebRequest Sent
2024-03-22 14:41:06             SUCCESS             MOFSLOPENAPI.py             Post WebRequest Send Successfully
2024-03-22 14:41:06             SUCCESS             MOFSLOPENAPI.py             PlaceOrder request sent Successfully
2024-03-22 14:43:44             SUCCESS             MOFSLOPENAPI.py             Initilaize PlaceOrder request send
2024-03-22 14:43:44             SUCCESS             MOFSLOPENAPI.py             Initilize Post WebRequest Sent
2024-03-22 14:43:47             SUCCESS             MOFSLOPENAPI.py             Post WebRequest Send Successfully
2024-03-22 14:43:47             SUCCESS             MOFSLOPENAPI.py             PlaceOrder request sent Successfully
2024-03-22 14:44:34             SUCCESS             MOFSLOPENAPI.py             Initilaize PlaceOrder request send
2024-03-22 14:44:34             SUCCESS             MOFSLOPENAPI.py             Initilize Post WebRequest Sent
2024-03-22 14:44:35             SUCCESS             MOFSLOPENAPI.py             Post WebRequest Send Successfully
2024-03-22 14:44:35             SUCCESS             MOFSLOPENAPI.py             PlaceOrder request sent Successfully
2024-03-22 14:44:49             SUCCESS             MOFSLOPENAPI.py             Initilaize PlaceOrder request send
2024-03-22 14:44:49             SUCCESS             MOFSLOPENAPI.py             Initilize Post WebRequest Sent
2024-03-22 14:44:52             SUCCESS             MOFSLOPENAPI.py             Post WebRequest Send Successfully
2024-03-22 14:44:52             SUCCESS             MOFSLOPENAPI.py             PlaceOrder request sent Successfully
2024-03-22 14:47:24             SUCCESS             MOFSLOPENAPI.py             Initilaize PlaceOrder request send
2024-03-22 14:47:24             SUCCESS             MOFSLOPENAPI.py             Initilize Post WebRequest Sent
2024-03-22 14:47:25             SUCCESS             MOFSLOPENAPI.py             Post WebRequest Send Successfully
2024-03-22 14:47:25             SUCCESS             MOFSLOPENAPI.py             PlaceOrder request sent Successfully
2024-03-22 14:47:45             SUCCESS             MOFSLOPENAPI.py             Initilaize PlaceOrder request send
2024-03-22 14:47:45             SUCCESS             MOFSLOPENAPI.py             Initilize Post WebRequest Sent
2024-03-22 14:47:45             SUCCESS             MOFSLOPENAPI.py             Post WebRequest Send Successfully
2024-03-22 14:47:45             SUCCESS             MOFSLOPENAPI.py             PlaceOrder request sent Successfully
2024-03-22 14:49:11             SUCCESS             MOFSLOPENAPI.py             Initilize Constructor
2024-03-22 14:49:12             SUCCESS             MOFSLOPENAPI.py             GetManufacturerHP
2024-03-22 14:49:12             SUCCESS             MOFSLOPENAPI.py             Initilize Constructor Done
2024-03-22 14:49:12             SUCCESS             MOFSLOPENAPI.py             Initilize login request send
2024-03-22 14:49:12             SUCCESS             MOFSLOPENAPI.py             Initilize Post WebRequest Sent
2024-03-22 14:49:15             SUCCESS             MOFSLOPENAPI.py             Post WebRequest Send Successfully
2024-03-22 14:49:15             SUCCESS             MOFSLOPENAPI.py             Login sucessfully
2024-03-22 14:50:00             SUCCESS             MOFSLOPENAPI.py             Initilaize GetLtp request send
2024-03-22 14:50:00             SUCCESS             MOFSLOPENAPI.py             Initilize Post WebRequest Sent
2024-03-22 14:50:01             SUCCESS             MOFSLOPENAPI.py             Post WebRequest Send Successfully
2024-03-22 14:50:01             SUCCESS             MOFSLOPENAPI.py             GetLtp request sent Successfully
2024-03-22 14:50:01             SUCCESS             MOFSLOPENAPI.py             Initilaize GetLtp request send
2024-03-22 14:50:01             SUCCESS             MOFSLOPENAPI.py             Initilize Post WebRequest Sent
2024-03-22 14:50:02             SUCCESS             MOFSLOPENAPI.py             Post WebRequest Send Successfully
2024-03-22 14:50:02             SUCCESS             MOFSLOPENAPI.py             GetLtp request sent Successfully
2024-03-22 14:50:02             SUCCESS             MOFSLOPENAPI.py             Initilaize PlaceOrder request send
2024-03-22 14:50:02             SUCCESS             MOFSLOPENAPI.py             Initilize Post WebRequest Sent
2024-03-22 14:50:02             SUCCESS             MOFSLOPENAPI.py             Post WebRequest Send Successfully
2024-03-22 14:50:02             SUCCESS             MOFSLOPENAPI.py             PlaceOrder request sent Successfully
2024-03-22 14:50:03             SUCCESS             MOFSLOPENAPI.py             Initilaize GetOrderDetailByUniqueorderID request send
2024-03-22 14:50:03             SUCCESS             MOFSLOPENAPI.py             Initilize Post WebRequest Sent
2024-03-22 14:50:03             SUCCESS             MOFSLOPENAPI.py             Post WebRequest Send Successfully
2024-03-22 14:50:03             SUCCESS             MOFSLOPENAPI.py             GetOrderDetailByUniqueorderID request sent Successfully
2024-03-22 14:50:08             SUCCESS             MOFSLOPENAPI.py             Initilaize GetOrderDetailByUniqueorderID request send
2024-03-22 14:50:08             SUCCESS             MOFSLOPENAPI.py             Initilize Post WebRequest Sent
2024-03-22 14:50:09             SUCCESS             MOFSLOPENAPI.py             Post WebRequest Send Successfully
2024-03-22 14:50:09             SUCCESS             MOFSLOPENAPI.py             GetOrderDetailByUniqueorderID request sent Successfully
2024-03-22 14:50:10             SUCCESS             MOFSLOPENAPI.py             Initilaize PlaceOrder request send
2024-03-22 14:50:10             SUCCESS             MOFSLOPENAPI.py             Initilize Post WebRequest Sent
2024-03-22 14:50:10             SUCCESS             MOFSLOPENAPI.py             Post WebRequest Send Successfully
2024-03-22 14:50:10             SUCCESS             MOFSLOPENAPI.py             PlaceOrder request sent Successfully
2024-03-22 14:50:10             SUCCESS             MOFSLOPENAPI.py             Initilaize GetOrderDetailByUniqueorderID request send
2024-03-22 14:50:10             SUCCESS             MOFSLOPENAPI.py             Initilize Post WebRequest Sent
2024-03-22 14:50:10             SUCCESS             MOFSLOPENAPI.py             Post WebRequest Send Successfully
2024-03-22 14:50:10             SUCCESS             MOFSLOPENAPI.py             GetOrderDetailByUniqueorderID request sent Successfully
2024-03-22 14:50:16             SUCCESS             MOFSLOPENAPI.py             Initilaize GetOrderDetailByUniqueorderID request send
2024-03-22 14:50:16             SUCCESS             MOFSLOPENAPI.py             Initilize Post WebRequest Sent
2024-03-22 14:50:16             SUCCESS             MOFSLOPENAPI.py             Post WebRequest Send Successfully
2024-03-22 14:50:16             SUCCESS             MOFSLOPENAPI.py             GetOrderDetailByUniqueorderID request sent Successfully
2024-03-22 14:50:16             SUCCESS             MOFSLOPENAPI.py             Initilaize PlaceOrder request send
2024-03-22 14:50:16             SUCCESS             MOFSLOPENAPI.py             Initilize Post WebRequest Sent
2024-03-22 14:50:16             SUCCESS             MOFSLOPENAPI.py             Post WebRequest Send Successfully
2024-03-22 14:50:16             SUCCESS             MOFSLOPENAPI.py             PlaceOrder request sent Successfully
2024-03-22 14:50:17             SUCCESS             MOFSLOPENAPI.py             Initilaize GetOrderDetailByUniqueorderID request send
2024-03-22 14:50:17             SUCCESS             MOFSLOPENAPI.py             Initilize Post WebRequest Sent
2024-03-22 14:50:17             SUCCESS             MOFSLOPENAPI.py             Post WebRequest Send Successfully
2024-03-22 14:50:17             SUCCESS             MOFSLOPENAPI.py             GetOrderDetailByUniqueorderID request sent Successfully
2024-03-22 14:50:22             SUCCESS             MOFSLOPENAPI.py             Initilaize GetOrderDetailByUniqueorderID request send
2024-03-22 14:50:22             SUCCESS             MOFSLOPENAPI.py             Initilize Post WebRequest Sent
2024-03-22 14:50:23             SUCCESS             MOFSLOPENAPI.py             Post WebRequest Send Successfully
2024-03-22 14:50:23             SUCCESS             MOFSLOPENAPI.py             GetOrderDetailByUniqueorderID request sent Successfully
2024-03-22 14:50:28             SUCCESS             MOFSLOPENAPI.py             Initilaize GetOrderDetailByUniqueorderID request send
2024-03-22 14:50:28             SUCCESS             MOFSLOPENAPI.py             Initilize Post WebRequest Sent
2024-03-22 14:50:29             SUCCESS             MOFSLOPENAPI.py             Post WebRequest Send Successfully
2024-03-22 14:50:29             SUCCESS             MOFSLOPENAPI.py             GetOrderDetailByUniqueorderID request sent Successfully
2024-03-22 14:50:34             SUCCESS             MOFSLOPENAPI.py             Initilaize GetOrderDetailByUniqueorderID request send
2024-03-22 14:50:34             SUCCESS             MOFSLOPENAPI.py             Initilize Post WebRequest Sent
2024-03-22 14:50:34             SUCCESS             MOFSLOPENAPI.py             Post WebRequest Send Successfully
2024-03-22 14:50:34             SUCCESS             MOFSLOPENAPI.py             GetOrderDetailByUniqueorderID request sent Successfully
2024-03-22 14:50:40             SUCCESS             MOFSLOPENAPI.py             Initilaize GetOrderDetailByUniqueorderID request send
2024-03-22 14:50:40             SUCCESS             MOFSLOPENAPI.py             Initilize Post WebRequest Sent
2024-03-22 14:50:41             SUCCESS             MOFSLOPENAPI.py             Post WebRequest Send Successfully
2024-03-22 14:50:41             SUCCESS             MOFSLOPENAPI.py             GetOrderDetailByUniqueorderID request sent Successfully
2024-03-22 14:50:47             SUCCESS             MOFSLOPENAPI.py             Initilaize GetOrderDetailByUniqueorderID request send
2024-03-22 14:50:47             SUCCESS             MOFSLOPENAPI.py             Initilize Post WebRequest Sent
2024-03-22 14:50:48             SUCCESS             MOFSLOPENAPI.py             Post WebRequest Send Successfully
2024-03-22 14:50:48             SUCCESS             MOFSLOPENAPI.py             GetOrderDetailByUniqueorderID request sent Successfully
2024-03-22 14:51:22             SUCCESS             MOFSLOPENAPI.py             Initilize Constructor
2024-03-22 14:51:22             SUCCESS             MOFSLOPENAPI.py             GetManufacturerHP
2024-03-22 14:51:23             SUCCESS             MOFSLOPENAPI.py             Initilize Constructor Done
2024-03-22 14:51:23             SUCCESS             MOFSLOPENAPI.py             Initilize login request send
2024-03-22 14:51:23             SUCCESS             MOFSLOPENAPI.py             Initilize Post WebRequest Sent
2024-03-22 14:51:28             SUCCESS             MOFSLOPENAPI.py             Post WebRequest Send Successfully
2024-03-22 14:51:28             ERROR             MOFSLOPENAPI.py             Invalid TOTP Value | Please Provide Correct TOTP
2024-03-22 14:51:35             SUCCESS             MOFSLOPENAPI.py             Initilize Constructor
2024-03-22 14:51:36             SUCCESS             MOFSLOPENAPI.py             GetManufacturerHP
2024-03-22 14:51:37             SUCCESS             MOFSLOPENAPI.py             Initilize Constructor Done
2024-03-22 14:51:37             SUCCESS             MOFSLOPENAPI.py             Initilize login request send
2024-03-22 14:51:37             SUCCESS             MOFSLOPENAPI.py             Initilize Post WebRequest Sent
2024-03-22 14:51:40             SUCCESS             MOFSLOPENAPI.py             Post WebRequest Send Successfully
2024-03-22 14:51:40             SUCCESS             MOFSLOPENAPI.py             Login sucessfully
2024-03-22 14:55:00             SUCCESS             MOFSLOPENAPI.py             Initilaize GetLtp request send
2024-03-22 14:55:00             SUCCESS             MOFSLOPENAPI.py             Initilize Post WebRequest Sent
2024-03-22 14:55:01             SUCCESS             MOFSLOPENAPI.py             Post WebRequest Send Successfully
2024-03-22 14:55:01             SUCCESS             MOFSLOPENAPI.py             GetLtp request sent Successfully
2024-03-22 14:55:01             SUCCESS             MOFSLOPENAPI.py             Initilaize GetLtp request send
2024-03-22 14:55:01             SUCCESS             MOFSLOPENAPI.py             Initilize Post WebRequest Sent
2024-03-22 14:55:02             SUCCESS             MOFSLOPENAPI.py             Post WebRequest Send Successfully
2024-03-22 14:55:02             SUCCESS             MOFSLOPENAPI.py             GetLtp request sent Successfully
2024-03-22 14:55:02             SUCCESS             MOFSLOPENAPI.py             Initilaize PlaceOrder request send
2024-03-22 14:55:02             SUCCESS             MOFSLOPENAPI.py             Initilize Post WebRequest Sent
2024-03-22 14:55:02             SUCCESS             MOFSLOPENAPI.py             Post WebRequest Send Successfully
2024-03-22 14:55:02             SUCCESS             MOFSLOPENAPI.py             PlaceOrder request sent Successfully
2024-03-22 14:55:02             SUCCESS             MOFSLOPENAPI.py             Initilaize GetOrderDetailByUniqueorderID request send
2024-03-22 14:55:02             SUCCESS             MOFSLOPENAPI.py             Initilize Post WebRequest Sent
2024-03-22 14:55:03             SUCCESS             MOFSLOPENAPI.py             Post WebRequest Send Successfully
2024-03-22 14:55:03             SUCCESS             MOFSLOPENAPI.py             GetOrderDetailByUniqueorderID request sent Successfully
2024-03-22 14:55:08             SUCCESS             MOFSLOPENAPI.py             Initilaize GetOrderDetailByUniqueorderID request send
2024-03-22 14:55:08             SUCCESS             MOFSLOPENAPI.py             Initilize Post WebRequest Sent
2024-03-22 14:55:11             SUCCESS             MOFSLOPENAPI.py             Post WebRequest Send Successfully
2024-03-22 14:55:11             SUCCESS             MOFSLOPENAPI.py             GetOrderDetailByUniqueorderID request sent Successfully
2024-03-22 14:55:11             SUCCESS             MOFSLOPENAPI.py             Initilaize PlaceOrder request send
2024-03-22 14:55:11             SUCCESS             MOFSLOPENAPI.py             Initilize Post WebRequest Sent
2024-03-22 14:55:11             SUCCESS             MOFSLOPENAPI.py             Post WebRequest Send Successfully
2024-03-22 14:55:11             SUCCESS             MOFSLOPENAPI.py             PlaceOrder request sent Successfully
2024-03-22 14:55:11             SUCCESS             MOFSLOPENAPI.py             Initilaize GetOrderDetailByUniqueorderID request send
2024-03-22 14:55:11             SUCCESS             MOFSLOPENAPI.py             Initilize Post WebRequest Sent
2024-03-22 14:55:12             SUCCESS             MOFSLOPENAPI.py             Post WebRequest Send Successfully
2024-03-22 14:55:12             SUCCESS             MOFSLOPENAPI.py             GetOrderDetailByUniqueorderID request sent Successfully
2024-03-22 14:55:17             SUCCESS             MOFSLOPENAPI.py             Initilaize GetOrderDetailByUniqueorderID request send
2024-03-22 14:55:17             SUCCESS             MOFSLOPENAPI.py             Initilize Post WebRequest Sent
2024-03-22 14:55:17             SUCCESS             MOFSLOPENAPI.py             Post WebRequest Send Successfully
2024-03-22 14:55:17             SUCCESS             MOFSLOPENAPI.py             GetOrderDetailByUniqueorderID request sent Successfully
2024-03-22 14:55:17             SUCCESS             MOFSLOPENAPI.py             Initilaize PlaceOrder request send
2024-03-22 14:55:17             SUCCESS             MOFSLOPENAPI.py             Initilize Post WebRequest Sent
2024-03-22 14:55:18             SUCCESS             MOFSLOPENAPI.py             Post WebRequest Send Successfully
2024-03-22 14:55:18             SUCCESS             MOFSLOPENAPI.py             PlaceOrder request sent Successfully
2024-03-22 14:55:18             SUCCESS             MOFSLOPENAPI.py             Initilaize PlaceOrder request send
2024-03-22 14:55:18             SUCCESS             MOFSLOPENAPI.py             Initilize Post WebRequest Sent
2024-03-22 14:55:19             SUCCESS             MOFSLOPENAPI.py             Post WebRequest Send Successfully
2024-03-22 14:55:19             SUCCESS             MOFSLOPENAPI.py             PlaceOrder request sent Successfully
2024-03-22 14:57:39             SUCCESS             MOFSLOPENAPI.py             Initilaize PlaceOrder request send
2024-03-22 14:57:39             SUCCESS             MOFSLOPENAPI.py             Initilize Post WebRequest Sent
2024-03-22 14:57:41             SUCCESS             MOFSLOPENAPI.py             Post WebRequest Send Successfully
2024-03-22 14:57:41             SUCCESS             MOFSLOPENAPI.py             PlaceOrder request sent Successfully
2024-03-22 15:00:23             SUCCESS             MOFSLOPENAPI.py             Initilize Constructor
2024-03-22 15:00:25             SUCCESS             MOFSLOPENAPI.py             GetManufacturerHP
2024-03-22 15:00:25             SUCCESS             MOFSLOPENAPI.py             Initilize Constructor Done
2024-03-22 15:00:25             SUCCESS             MOFSLOPENAPI.py             Initilize login request send
2024-03-22 15:00:25             SUCCESS             MOFSLOPENAPI.py             Initilize Post WebRequest Sent
2024-03-22 15:00:26             SUCCESS             MOFSLOPENAPI.py             Post WebRequest Send Successfully
2024-03-22 15:00:26             ERROR             MOFSLOPENAPI.py             Invalid TOTP Value | Please Provide Correct TOTP
2024-03-22 15:00:32             SUCCESS             MOFSLOPENAPI.py             Initilize Constructor
2024-03-22 15:00:33             SUCCESS             MOFSLOPENAPI.py             GetManufacturerHP
2024-03-22 15:00:34             SUCCESS             MOFSLOPENAPI.py             Initilize Constructor Done
2024-03-22 15:00:34             SUCCESS             MOFSLOPENAPI.py             Initilize login request send
2024-03-22 15:00:34             SUCCESS             MOFSLOPENAPI.py             Initilize Post WebRequest Sent
2024-03-22 15:00:35             SUCCESS             MOFSLOPENAPI.py             Post WebRequest Send Successfully
2024-03-22 15:00:35             SUCCESS             MOFSLOPENAPI.py             Login sucessfully
2024-03-22 15:00:57             SUCCESS             MOFSLOPENAPI.py             Initilaize GetLtp request send
2024-03-22 15:00:57             SUCCESS             MOFSLOPENAPI.py             Initilize Post WebRequest Sent
2024-03-22 15:00:58             SUCCESS             MOFSLOPENAPI.py             Post WebRequest Send Successfully
2024-03-22 15:00:58             SUCCESS             MOFSLOPENAPI.py             GetLtp request sent Successfully
2024-03-22 15:00:58             SUCCESS             MOFSLOPENAPI.py             Initilaize GetLtp request send
2024-03-22 15:00:58             SUCCESS             MOFSLOPENAPI.py             Initilize Post WebRequest Sent
2024-03-22 15:00:59             SUCCESS             MOFSLOPENAPI.py             Post WebRequest Send Successfully
2024-03-22 15:00:59             SUCCESS             MOFSLOPENAPI.py             GetLtp request sent Successfully
2024-03-22 15:00:59             SUCCESS             MOFSLOPENAPI.py             Initilaize PlaceOrder request send
2024-03-22 15:00:59             SUCCESS             MOFSLOPENAPI.py             Initilize Post WebRequest Sent
2024-03-22 15:00:59             SUCCESS             MOFSLOPENAPI.py             Post WebRequest Send Successfully
2024-03-22 15:00:59             SUCCESS             MOFSLOPENAPI.py             PlaceOrder request sent Successfully
2024-03-22 15:01:00             SUCCESS             MOFSLOPENAPI.py             Initilaize GetOrderDetailByUniqueorderID request send
2024-03-22 15:01:00             SUCCESS             MOFSLOPENAPI.py             Initilize Post WebRequest Sent
2024-03-22 15:01:00             SUCCESS             MOFSLOPENAPI.py             Post WebRequest Send Successfully
2024-03-22 15:01:00             SUCCESS             MOFSLOPENAPI.py             GetOrderDetailByUniqueorderID request sent Successfully
2024-03-22 15:01:05             SUCCESS             MOFSLOPENAPI.py             Initilaize GetOrderDetailByUniqueorderID request send
2024-03-22 15:01:05             SUCCESS             MOFSLOPENAPI.py             Initilize Post WebRequest Sent
2024-03-22 15:01:08             SUCCESS             MOFSLOPENAPI.py             Post WebRequest Send Successfully
2024-03-22 15:01:08             SUCCESS             MOFSLOPENAPI.py             GetOrderDetailByUniqueorderID request sent Successfully
2024-03-22 15:01:09             SUCCESS             MOFSLOPENAPI.py             Initilaize PlaceOrder request send
2024-03-22 15:01:09             SUCCESS             MOFSLOPENAPI.py             Initilize Post WebRequest Sent
2024-03-22 15:01:09             SUCCESS             MOFSLOPENAPI.py             Post WebRequest Send Successfully
2024-03-22 15:01:09             SUCCESS             MOFSLOPENAPI.py             PlaceOrder request sent Successfully
2024-03-22 15:01:09             SUCCESS             MOFSLOPENAPI.py             Initilaize GetOrderDetailByUniqueorderID request send
2024-03-22 15:01:09             SUCCESS             MOFSLOPENAPI.py             Initilize Post WebRequest Sent
2024-03-22 15:01:09             SUCCESS             MOFSLOPENAPI.py             Post WebRequest Send Successfully
2024-03-22 15:01:09             SUCCESS             MOFSLOPENAPI.py             GetOrderDetailByUniqueorderID request sent Successfully
2024-03-22 15:01:15             SUCCESS             MOFSLOPENAPI.py             Initilaize GetOrderDetailByUniqueorderID request send
2024-03-22 15:01:15             SUCCESS             MOFSLOPENAPI.py             Initilize Post WebRequest Sent
2024-03-22 15:01:16             SUCCESS             MOFSLOPENAPI.py             Post WebRequest Send Successfully
2024-03-22 15:01:16             SUCCESS             MOFSLOPENAPI.py             GetOrderDetailByUniqueorderID request sent Successfully
2024-03-22 15:01:17             SUCCESS             MOFSLOPENAPI.py             Initilaize PlaceOrder request send
2024-03-22 15:01:17             SUCCESS             MOFSLOPENAPI.py             Initilize Post WebRequest Sent
2024-03-22 15:01:17             SUCCESS             MOFSLOPENAPI.py             Post WebRequest Send Successfully
2024-03-22 15:01:17             SUCCESS             MOFSLOPENAPI.py             PlaceOrder request sent Successfully
2024-03-22 15:01:17             SUCCESS             MOFSLOPENAPI.py             Initilaize GetOrderDetailByUniqueorderID request send
2024-03-22 15:01:17             SUCCESS             MOFSLOPENAPI.py             Initilize Post WebRequest Sent
2024-03-22 15:01:18             SUCCESS             MOFSLOPENAPI.py             Post WebRequest Send Successfully
2024-03-22 15:01:18             SUCCESS             MOFSLOPENAPI.py             GetOrderDetailByUniqueorderID request sent Successfully
2024-03-22 15:01:23             SUCCESS             MOFSLOPENAPI.py             Initilaize GetOrderDetailByUniqueorderID request send
2024-03-22 15:01:23             SUCCESS             MOFSLOPENAPI.py             Initilize Post WebRequest Sent
2024-03-22 15:01:25             SUCCESS             MOFSLOPENAPI.py             Post WebRequest Send Successfully
2024-03-22 15:01:25             SUCCESS             MOFSLOPENAPI.py             GetOrderDetailByUniqueorderID request sent Successfully
2024-03-22 15:01:26             SUCCESS             MOFSLOPENAPI.py             Initilaize PlaceOrder request send
2024-03-22 15:01:26             SUCCESS             MOFSLOPENAPI.py             Initilize Post WebRequest Sent
2024-03-22 15:01:26             SUCCESS             MOFSLOPENAPI.py             Post WebRequest Send Successfully
2024-03-22 15:01:26             SUCCESS             MOFSLOPENAPI.py             PlaceOrder request sent Successfully
2024-03-22 15:01:26             SUCCESS             MOFSLOPENAPI.py             Initilaize GetOrderDetailByUniqueorderID request send
2024-03-22 15:01:26             SUCCESS             MOFSLOPENAPI.py             Initilize Post WebRequest Sent
2024-03-22 15:01:27             SUCCESS             MOFSLOPENAPI.py             Post WebRequest Send Successfully
2024-03-22 15:01:27             SUCCESS             MOFSLOPENAPI.py             GetOrderDetailByUniqueorderID request sent Successfully
2024-03-22 15:01:32             SUCCESS             MOFSLOPENAPI.py             Initilaize GetOrderDetailByUniqueorderID request send
2024-03-22 15:01:32             SUCCESS             MOFSLOPENAPI.py             Initilize Post WebRequest Sent
2024-03-22 15:01:32             SUCCESS             MOFSLOPENAPI.py             Post WebRequest Send Successfully
2024-03-22 15:01:32             SUCCESS             MOFSLOPENAPI.py             GetOrderDetailByUniqueorderID request sent Successfully
2024-03-22 15:04:10             SUCCESS             MOFSLOPENAPI.py             Initilize Constructor
2024-03-22 15:04:10             SUCCESS             MOFSLOPENAPI.py             GetManufacturerHP
2024-03-22 15:04:11             SUCCESS             MOFSLOPENAPI.py             Initilize Constructor Done
2024-03-22 15:04:11             SUCCESS             MOFSLOPENAPI.py             Initilize login request send
2024-03-22 15:04:11             SUCCESS             MOFSLOPENAPI.py             Initilize Post WebRequest Sent
2024-03-22 15:04:11             SUCCESS             MOFSLOPENAPI.py             Post WebRequest Send Successfully
2024-03-22 15:04:11             SUCCESS             MOFSLOPENAPI.py             Login sucessfully
2024-03-22 15:05:01             SUCCESS             MOFSLOPENAPI.py             Initilaize GetLtp request send
2024-03-22 15:05:01             SUCCESS             MOFSLOPENAPI.py             Initilize Post WebRequest Sent
2024-03-22 15:05:02             SUCCESS             MOFSLOPENAPI.py             Post WebRequest Send Successfully
2024-03-22 15:05:02             SUCCESS             MOFSLOPENAPI.py             GetLtp request sent Successfully
2024-03-22 15:05:02             SUCCESS             MOFSLOPENAPI.py             Initilaize GetLtp request send
2024-03-22 15:05:02             SUCCESS             MOFSLOPENAPI.py             Initilize Post WebRequest Sent
2024-03-22 15:05:03             SUCCESS             MOFSLOPENAPI.py             Post WebRequest Send Successfully
2024-03-22 15:05:03             SUCCESS             MOFSLOPENAPI.py             GetLtp request sent Successfully
2024-03-22 15:05:03             SUCCESS             MOFSLOPENAPI.py             Initilaize PlaceOrder request send
2024-03-22 15:05:03             SUCCESS             MOFSLOPENAPI.py             Initilize Post WebRequest Sent
2024-03-22 15:05:03             SUCCESS             MOFSLOPENAPI.py             Post WebRequest Send Successfully
2024-03-22 15:05:03             SUCCESS             MOFSLOPENAPI.py             PlaceOrder request sent Successfully
2024-03-22 15:05:03             SUCCESS             MOFSLOPENAPI.py             Initilaize GetOrderDetailByUniqueorderID request send
2024-03-22 15:05:03             SUCCESS             MOFSLOPENAPI.py             Initilize Post WebRequest Sent
2024-03-22 15:05:04             SUCCESS             MOFSLOPENAPI.py             Post WebRequest Send Successfully
2024-03-22 15:05:04             SUCCESS             MOFSLOPENAPI.py             GetOrderDetailByUniqueorderID request sent Successfully
2024-03-22 15:05:09             SUCCESS             MOFSLOPENAPI.py             Initilaize GetOrderDetailByUniqueorderID request send
2024-03-22 15:05:09             SUCCESS             MOFSLOPENAPI.py             Initilize Post WebRequest Sent
2024-03-22 15:05:10             SUCCESS             MOFSLOPENAPI.py             Post WebRequest Send Successfully
2024-03-22 15:05:10             SUCCESS             MOFSLOPENAPI.py             GetOrderDetailByUniqueorderID request sent Successfully
2024-03-22 15:05:10             SUCCESS             MOFSLOPENAPI.py             Initilaize PlaceOrder request send
2024-03-22 15:05:10             SUCCESS             MOFSLOPENAPI.py             Initilize Post WebRequest Sent
2024-03-22 15:05:11             SUCCESS             MOFSLOPENAPI.py             Post WebRequest Send Successfully
2024-03-22 15:05:11             SUCCESS             MOFSLOPENAPI.py             PlaceOrder request sent Successfully
2024-03-22 15:05:11             SUCCESS             MOFSLOPENAPI.py             Initilaize GetOrderDetailByUniqueorderID request send
2024-03-22 15:05:11             SUCCESS             MOFSLOPENAPI.py             Initilize Post WebRequest Sent
2024-03-22 15:05:11             SUCCESS             MOFSLOPENAPI.py             Post WebRequest Send Successfully
2024-03-22 15:05:11             SUCCESS             MOFSLOPENAPI.py             GetOrderDetailByUniqueorderID request sent Successfully
2024-03-22 15:05:16             SUCCESS             MOFSLOPENAPI.py             Initilaize GetOrderDetailByUniqueorderID request send
2024-03-22 15:05:16             SUCCESS             MOFSLOPENAPI.py             Initilize Post WebRequest Sent
2024-03-22 15:05:18             SUCCESS             MOFSLOPENAPI.py             Post WebRequest Send Successfully
2024-03-22 15:05:18             SUCCESS             MOFSLOPENAPI.py             GetOrderDetailByUniqueorderID request sent Successfully
2024-03-22 15:05:18             SUCCESS             MOFSLOPENAPI.py             Initilaize PlaceOrder request send
2024-03-22 15:05:18             SUCCESS             MOFSLOPENAPI.py             Initilize Post WebRequest Sent
2024-03-22 15:05:19             SUCCESS             MOFSLOPENAPI.py             Post WebRequest Send Successfully
2024-03-22 15:05:19             SUCCESS             MOFSLOPENAPI.py             PlaceOrder request sent Successfully
2024-03-22 15:05:19             SUCCESS             MOFSLOPENAPI.py             Initilaize GetOrderDetailByUniqueorderID request send
2024-03-22 15:05:19             SUCCESS             MOFSLOPENAPI.py             Initilize Post WebRequest Sent
2024-03-22 15:05:19             SUCCESS             MOFSLOPENAPI.py             Post WebRequest Send Successfully
2024-03-22 15:05:19             SUCCESS             MOFSLOPENAPI.py             GetOrderDetailByUniqueorderID request sent Successfully
2024-03-22 15:05:24             SUCCESS             MOFSLOPENAPI.py             Initilaize GetOrderDetailByUniqueorderID request send
2024-03-22 15:05:25             SUCCESS             MOFSLOPENAPI.py             Initilize Post WebRequest Sent
2024-03-22 15:05:26             SUCCESS             MOFSLOPENAPI.py             Post WebRequest Send Successfully
2024-03-22 15:05:26             SUCCESS             MOFSLOPENAPI.py             GetOrderDetailByUniqueorderID request sent Successfully
2024-03-22 15:05:26             SUCCESS             MOFSLOPENAPI.py             Initilaize PlaceOrder request send
2024-03-22 15:05:26             SUCCESS             MOFSLOPENAPI.py             Initilize Post WebRequest Sent
2024-03-22 15:05:26             SUCCESS             MOFSLOPENAPI.py             Post WebRequest Send Successfully
2024-03-22 15:05:26             SUCCESS             MOFSLOPENAPI.py             PlaceOrder request sent Successfully
2024-03-22 15:05:26             SUCCESS             MOFSLOPENAPI.py             Initilaize GetOrderDetailByUniqueorderID request send
2024-03-22 15:05:26             SUCCESS             MOFSLOPENAPI.py             Initilize Post WebRequest Sent
2024-03-22 15:05:27             SUCCESS             MOFSLOPENAPI.py             Post WebRequest Send Successfully
2024-03-22 15:05:27             SUCCESS             MOFSLOPENAPI.py             GetOrderDetailByUniqueorderID request sent Successfully
2024-03-22 15:05:32             SUCCESS             MOFSLOPENAPI.py             Initilaize GetOrderDetailByUniqueorderID request send
2024-03-22 15:05:32             SUCCESS             MOFSLOPENAPI.py             Initilize Post WebRequest Sent
2024-03-22 15:05:34             SUCCESS             MOFSLOPENAPI.py             Post WebRequest Send Successfully
2024-03-22 15:05:34             SUCCESS             MOFSLOPENAPI.py             GetOrderDetailByUniqueorderID request sent Successfully
